#
# A fatal error has been detected by the Java Runtime Environment:
#
#  EXCEPTION_ACCESS_VIOLATION (0xc0000005) at pc=0x00007fffe5622d8a, pid=7852, tid=1716
#
# JRE version: Java(TM) SE Runtime Environment (14.0.1+7) (build 14.0.1+7)
# Java VM: Java HotSpot(TM) 64-Bit Server VM (14.0.1+7, mixed mode, sharing, tiered, compressed oops, g1 gc, windows-amd64)
# Problematic frame:
# C  [awt.dll+0xd2d8a]
#
# No core dump will be written. Minidumps are not enabled by default on client versions of Windows
#
# If you would like to submit a bug report, please visit:
#   https://bugreport.java.com/bugreport/crash.jsp
# The crash happened outside the Java Virtual Machine in native code.
# See problematic frame for where to report the bug.
#

---------------  S U M M A R Y ------------

Command Line: -Dfile.encoding=UTF-8 --module-path=C:\Users\sonkt\Desktop\BTnhom\sqljdbc4.jar quanLymuabanXe.Xe_Form

Host: Intel(R) Core(TM) i5-8265U CPU @ 1.60GHz, 8 cores, 3G,  Windows 10 , 64 bit Build 19041 (10.0.19041.292)
Time: Sun Jun 28 22:27:31 2020 SE Asia Standard Time elapsed time: 168 seconds (0d 0h 2m 48s)

---------------  T H R E A D  ---------------

Current thread (0x000001d056dd1000):  JavaThread "AWT-EventQueue-0" [_thread_in_native, id=1716, stack(0x000000ac28200000,0x000000ac28300000)]

Stack: [0x000000ac28200000,0x000000ac28300000],  sp=0x000000ac282fec30,  free space=1019k
Native frames: (J=compiled Java code, j=interpreted, Vv=VM code, C=native code)
C  [awt.dll+0xd2d8a]

Java frames: (J=compiled Java code, j=interpreted, Vv=VM code)
j  sun.awt.Win32GraphicsDevice.initNativeScale(I)V+0 java.desktop@14.0.1
j  sun.awt.Win32GraphicsDevice.initScaleFactors()V+60 java.desktop@14.0.1
j  sun.awt.Win32GraphicsDevice.displayChanged()V+16 java.desktop@14.0.1
j  sun.awt.Win32GraphicsEnvironment.displayChanged()V+271 java.desktop@14.0.1
j  sun.awt.windows.WToolkit.lambda$displayChanged$4()V+15 java.desktop@14.0.1
j  sun.awt.windows.WToolkit$$Lambda$184.run()V+0 java.desktop@14.0.1
j  java.awt.event.InvocationEvent.dispatch()V+47 java.desktop@14.0.1
j  java.awt.EventQueue.dispatchEventImpl(Ljava/awt/AWTEvent;Ljava/lang/Object;)V+21 java.desktop@14.0.1
j  java.awt.EventQueue$4.run()Ljava/lang/Void;+32 java.desktop@14.0.1
j  java.awt.EventQueue$4.run()Ljava/lang/Object;+1 java.desktop@14.0.1
J 1165 c1 java.security.ProtectionDomain$JavaSecurityAccessImpl.doIntersectionPrivilege(Ljava/security/PrivilegedAction;Ljava/security/AccessControlContext;Ljava/security/AccessControlContext;)Ljava/lang/Object; java.base@14.0.1 (22 bytes) @ 0x000001d041e54dfc [0x000001d041e548e0+0x000000000000051c]
j  java.awt.EventQueue.dispatchEvent(Ljava/awt/AWTEvent;)V+46 java.desktop@14.0.1
j  java.awt.EventDispatchThread.pumpOneEventForFilters(I)V+78 java.desktop@14.0.1
j  java.awt.EventDispatchThread.pumpEventsForFilter(ILjava/awt/Conditional;Ljava/awt/EventFilter;)V+35 java.desktop@14.0.1
j  java.awt.EventDispatchThread.pumpEventsForHierarchy(ILjava/awt/Conditional;Ljava/awt/Component;)V+11 java.desktop@14.0.1
j  java.awt.EventDispatchThread.pumpEvents(ILjava/awt/Conditional;)V+4 java.desktop@14.0.1
j  java.awt.EventDispatchThread.pumpEvents(Ljava/awt/Conditional;)V+3 java.desktop@14.0.1
j  java.awt.EventDispatchThread.run()V+9 java.desktop@14.0.1
v  ~StubRoutines::call_stub

siginfo: EXCEPTION_ACCESS_VIOLATION (0xc0000005), reading address 0xffffffffffffffff


Register to memory mapping:

RIP=0x00007fffe5622d8a awt.dll
RAX=0x000000ac282fec58 is pointing into the stack for thread: 0x000001d056dd1000
RBX=0x00656e69626d6f63 is an unknown value
RCX=0x00656e69626d6f63 is an unknown value
RDX=0x0 is NULL
RSP=0x000000ac282fec30 is pointing into the stack for thread: 0x000001d056dd1000
RBP=0x000000ac282fed20 is pointing into the stack for thread: 0x000001d056dd1000
RSI=0x0 is NULL
RDI=0x0 is NULL
R8 =0x0000000000000001 is an unknown value
R9 =0x00000000000000dd is an unknown value
R10=0x000001d0416ff3e8 is at code_begin+1000 in an Interpreter codelet
method entry point (kind = native)  [0x000001d0416ff000, 0x000001d0416ffaa0]  2720 bytes
R11=0x0000000000000100 is an unknown value
R12=0x0 is NULL
R13={method} {0x000001d0564efa10} 'initNativeScale' '(I)V' in 'sun/awt/Win32GraphicsDevice'
R14=0x000000ac282fed48 is pointing into the stack for thread: 0x000001d056dd1000
R15=0x000001d056dd1000 is a thread


Registers:
RAX=0x000000ac282fec58, RBX=0x00656e69626d6f63, RCX=0x00656e69626d6f63, RDX=0x0000000000000000
RSP=0x000000ac282fec30, RBP=0x000000ac282fed20, RSI=0x0000000000000000, RDI=0x0000000000000000
R8 =0x0000000000000001, R9 =0x00000000000000dd, R10=0x000001d0416ff3e8, R11=0x0000000000000100
R12=0x0000000000000000, R13=0x000001d0564efa08, R14=0x000000ac282fed48, R15=0x000001d056dd1000
RIP=0x00007fffe5622d8a, EFLAGS=0x0000000000010206

Top of Stack: (sp=0x000000ac282fec30)
0x000000ac282fec30:   000001d056f4c920 0000000000000000
0x000000ac282fec40:   fffffffffffffffe 00007fffc4394b2a
0x000000ac282fec50:   000001d056f4c920 00007fffe5624174
0x000000ac282fec60:   00007fffbf800000 000001d0564efa08
0x000000ac282fec70:   0000000000000000 00007fffc423de00
0x000000ac282fec80:   fffffffffffffffe 00007fffc4073acc
0x000000ac282fec90:   000001d0416f9f00 000001d0416ff417
0x000000ac282feca0:   000001d0564efa08 000000ac282fee08
0x000000ac282fecb0:   0000000000000000 0000000000000000
0x000000ac282fecc0:   000000ac282fed30 00007fffc4302949
0x000000ac282fecd0:   000001d0586237f8 000000ac282fecd8
0x000000ac282fece0:   0000000000000000 000000ac282fed48
0x000000ac282fecf0:   000001d0564f25b8 0000000000000000
0x000000ac282fed00:   00000000c5df7498 000001d0564efa08
0x000000ac282fed10:   0000000000000000 000000ac282fed40
0x000000ac282fed20:   000000ac282fed98 000001d0416fa1b3 

Instructions: (pc=0x00007fffe5622d8a)
0x00007fffe5622c8a:   08 33 ff 48 85 c9 74 07 48 8b b9 08 0c 00 00 48
0x00007fffe5622c9a:   8b cb e8 ef 55 f5 ff 90 48 8b c7 48 8b 5c 24 40
0x00007fffe5622caa:   48 83 c4 30 5f c3 f3 0f 10 41 48 c3 cc cc f3 0f
0x00007fffe5622cba:   10 41 4c c3 cc cc 40 57 48 83 ec 30 48 c7 44 24
0x00007fffe5622cca:   20 fe ff ff ff 48 89 5c 24 40 48 89 74 24 50 48
0x00007fffe5622cda:   8b f1 ba 02 00 01 00 48 8b 0d 10 c1 07 00 e8 de
0x00007fffe5622cea:   eb 00 00 48 8b d8 e8 8b 54 f5 ff 48 85 c0 75 08
0x00007fffe5622cfa:   48 8b cb e8 6e 56 f5 ff e8 79 54 f5 ff 48 8b d8
0x00007fffe5622d0a:   48 89 44 24 48 33 ff 39 78 0c 7e 27 41 b8 01 00
0x00007fffe5622d1a:   00 00 8b d7 48 8b cb e8 ba 53 f5 ff 48 8b 50 28
0x00007fffe5622d2a:   48 8b ce e8 92 f6 ff ff 85 c0 75 0d ff c7 3b 7b
0x00007fffe5622d3a:   0c 7c d9 8b 3d ed c5 07 00 48 8b cb e8 45 55 f5
0x00007fffe5622d4a:   ff 90 8b c7 48 8b 5c 24 40 48 8b 74 24 50 48 83
0x00007fffe5622d5a:   c4 30 5f c3 cc cc 48 8b 41 08 48 8b 80 18 0c 00
0x00007fffe5622d6a:   00 c3 48 8b 41 08 48 05 00 04 00 00 c3 cc 48 8b
0x00007fffe5622d7a:   c4 53 48 83 ec 20 48 8b d9 c7 40 08 00 00 80 bf
0x00007fffe5622d8a:   48 8b 49 28 4c 8d 40 10 48 8d 50 08 c7 40 10 00
0x00007fffe5622d9a:   00 80 bf e8 52 cc 00 00 f3 0f 10 54 24 30 0f 57
0x00007fffe5622daa:   c0 0f 2f d0 76 25 f3 0f 10 4c 24 38 0f 2f c8 76
0x00007fffe5622dba:   1a f3 0f 5e 15 b1 e7 02 00 f3 0f 5e 0d a9 e7 02
0x00007fffe5622dca:   00 f3 0f 11 53 48 f3 0f 11 4b 4c 48 83 c4 20 5b
0x00007fffe5622dda:   c3 cc 48 8b c4 57 41 54 41 56 48 83 ec 50 48 c7
0x00007fffe5622dea:   40 d8 fe ff ff ff 48 89 58 10 48 89 70 18 48 8b
0x00007fffe5622dfa:   d9 48 8b 41 18 33 ff 48 85 c0 75 18 b9 28 04 00
0x00007fffe5622e0a:   00 e8 88 88 00 00 48 89 43 18 c7 00 28 00 00 00
0x00007fffe5622e1a:   48 8b 43 18 66 89 78 0e 48 8b 4b 28 e8 29 03 00
0x00007fffe5622e2a:   00 48 8b f0 41 bc 01 00 00 00 45 8b c4 41 8b d4
0x00007fffe5622e3a:   48 8b c8 ff 15 ad 86 07 00 4c 8b f0 89 7c 24 30
0x00007fffe5622e4a:   48 8b 4b 18 48 89 4c 24 28 48 89 7c 24 20 45 8b
0x00007fffe5622e5a:   cc 45 33 c0 48 8b d0 48 8b ce ff 15 6e 87 07 00
0x00007fffe5622e6a:   48 8b 0b 41 8d 54 24 07 48 8b 43 30 39 51 04 0f
0x00007fffe5622e7a:   8e ca 01 00 00 44 84 60 24 74 09 89 3d a9 c4 07 


Stack slot to memory mapping:
stack at sp + 0 slots: 0x000001d056f4c920 points into unknown readable memory: 60 b0 0e 57 d0 01 00 00
stack at sp + 1 slots: 0x0 is NULL
stack at sp + 2 slots: 0xfffffffffffffffe is an unknown value
stack at sp + 3 slots: 0x00007fffc4394b2a jvm.dll
stack at sp + 4 slots: 0x000001d056f4c920 points into unknown readable memory: 60 b0 0e 57 d0 01 00 00
stack at sp + 5 slots: 0x00007fffe5624174 awt.dll
stack at sp + 6 slots: 0x00007fffbf800000 is an unknown value
stack at sp + 7 slots: {method} {0x000001d0564efa10} 'initNativeScale' '(I)V' in 'sun/awt/Win32GraphicsDevice'


---------------  P R O C E S S  ---------------

Threads class SMR info:
_java_thread_list=0x000001d057028fc0, length=15, elements={
0x000001d055ffd000, 0x000001d055ffe800, 0x000001d056017000, 0x000001d05601a000,
0x000001d05601c800, 0x000001d056022800, 0x000001d056027800, 0x000001d056031000,
0x000001d056a4b000, 0x000001d056c9e800, 0x000001d056c78000, 0x000001d056c7c000,
0x000001d056c7f800, 0x000001d056dd1000, 0x000001d037765000
}

Java Threads: ( => current thread )
  0x000001d055ffd000 JavaThread "Reference Handler" daemon [_thread_blocked, id=11156, stack(0x000000ac27400000,0x000000ac27500000)]
  0x000001d055ffe800 JavaThread "Finalizer" daemon [_thread_blocked, id=11740, stack(0x000000ac27500000,0x000000ac27600000)]
  0x000001d056017000 JavaThread "Signal Dispatcher" daemon [_thread_blocked, id=16664, stack(0x000000ac27600000,0x000000ac27700000)]
  0x000001d05601a000 JavaThread "Attach Listener" daemon [_thread_blocked, id=1944, stack(0x000000ac27700000,0x000000ac27800000)]
  0x000001d05601c800 JavaThread "Service Thread" daemon [_thread_blocked, id=9660, stack(0x000000ac27800000,0x000000ac27900000)]
  0x000001d056022800 JavaThread "C2 CompilerThread0" daemon [_thread_blocked, id=16940, stack(0x000000ac27900000,0x000000ac27a00000)]
  0x000001d056027800 JavaThread "C1 CompilerThread0" daemon [_thread_blocked, id=15736, stack(0x000000ac27a00000,0x000000ac27b00000)]
  0x000001d056031000 JavaThread "Sweeper thread" daemon [_thread_blocked, id=5888, stack(0x000000ac27b00000,0x000000ac27c00000)]
  0x000001d056a4b000 JavaThread "Common-Cleaner" daemon [_thread_blocked, id=6340, stack(0x000000ac27c00000,0x000000ac27d00000)]
  0x000001d056c9e800 JavaThread "Notification Thread" daemon [_thread_blocked, id=8272, stack(0x000000ac27d00000,0x000000ac27e00000)]
  0x000001d056c78000 JavaThread "Java2D Disposer" daemon [_thread_blocked, id=15504, stack(0x000000ac27f00000,0x000000ac28000000)]
  0x000001d056c7c000 JavaThread "AWT-Shutdown" [_thread_blocked, id=10360, stack(0x000000ac28000000,0x000000ac28100000)]
  0x000001d056c7f800 JavaThread "AWT-Windows" daemon [_thread_in_native, id=12308, stack(0x000000ac28100000,0x000000ac28200000)]
=>0x000001d056dd1000 JavaThread "AWT-EventQueue-0" [_thread_in_native, id=1716, stack(0x000000ac28200000,0x000000ac28300000)]
  0x000001d037765000 JavaThread "DestroyJavaVM" [_thread_blocked, id=9424, stack(0x000000ac26d00000,0x000000ac26e00000)]

Other Threads:
  0x000001d055ffb800 VMThread "VM Thread" [stack: 0x000000ac27300000,0x000000ac27400000] [id=16816]
  0x000001d056c9f800 WatcherThread [stack: 0x000000ac27e00000,0x000000ac27f00000] [id=3708]
  0x000001d037796000 GCTaskThread "GC Thread#0" [stack: 0x000000ac26e00000,0x000000ac26f00000] [id=6208]
  0x000001d0377a0800 ConcurrentGCThread "G1 Main Marker" [stack: 0x000000ac26f00000,0x000000ac27000000] [id=7296]
  0x000001d0377a2800 ConcurrentGCThread "G1 Conc#0" [stack: 0x000000ac27000000,0x000000ac27100000] [id=14324]
  0x000001d037820800 ConcurrentGCThread "G1 Refine#0" [stack: 0x000000ac27100000,0x000000ac27200000] [id=17044]
  0x000001d037821800 ConcurrentGCThread "G1 Young RemSet Sampling" [stack: 0x000000ac27200000,0x000000ac27300000] [id=6904]

Threads with active compile tasks:

VM state:not at safepoint (normal execution)

VM Mutex/Monitor currently owned by a thread: None

Heap address: 0x00000000c2400000, size: 988 MB, Compressed Oops mode: 32-bit
Narrow klass base: 0x0000000800000000, Narrow klass shift: 3
Compressed class space size: 1073741824 Address: 0x0000000800b30000

Heap:
 garbage-first heap   total 63488K, used 10240K [0x00000000c2400000, 0x0000000100000000)
  region size 1024K, 9 young (9216K), 0 survivors (0K)
 Metaspace       used 10990K, capacity 11344K, committed 11520K, reserved 1058816K
  class space    used 1284K, capacity 1435K, committed 1536K, reserved 1048576K
Heap Regions: E=young(eden), S=young(survivor), O=old, HS=humongous(starts), HC=humongous(continues), CS=collection set, F=free, OA=open archive, CA=closed archive, TAMS=top-at-mark-start (previous, next)
|   0|0x00000000c2400000, 0x00000000c2500000, 0x00000000c2500000|100%|HS|  |TAMS 0x00000000c2400000, 0x00000000c2400000| Complete 
|   1|0x00000000c2500000, 0x00000000c2600000, 0x00000000c2600000|100%|HC|  |TAMS 0x00000000c2500000, 0x00000000c2500000| Complete 
|   2|0x00000000c2600000, 0x00000000c2700000, 0x00000000c2700000|100%|HC|  |TAMS 0x00000000c2600000, 0x00000000c2600000| Complete 
|   3|0x00000000c2700000, 0x00000000c2700000, 0x00000000c2800000|  0%| F|  |TAMS 0x00000000c2700000, 0x00000000c2700000| Untracked 
|   4|0x00000000c2800000, 0x00000000c2800000, 0x00000000c2900000|  0%| F|  |TAMS 0x00000000c2800000, 0x00000000c2800000| Untracked 
|   5|0x00000000c2900000, 0x00000000c2900000, 0x00000000c2a00000|  0%| F|  |TAMS 0x00000000c2900000, 0x00000000c2900000| Untracked 
|   6|0x00000000c2a00000, 0x00000000c2a00000, 0x00000000c2b00000|  0%| F|  |TAMS 0x00000000c2a00000, 0x00000000c2a00000| Untracked 
|   7|0x00000000c2b00000, 0x00000000c2b00000, 0x00000000c2c00000|  0%| F|  |TAMS 0x00000000c2b00000, 0x00000000c2b00000| Untracked 
|   8|0x00000000c2c00000, 0x00000000c2c00000, 0x00000000c2d00000|  0%| F|  |TAMS 0x00000000c2c00000, 0x00000000c2c00000| Untracked 
|   9|0x00000000c2d00000, 0x00000000c2d00000, 0x00000000c2e00000|  0%| F|  |TAMS 0x00000000c2d00000, 0x00000000c2d00000| Untracked 
|  10|0x00000000c2e00000, 0x00000000c2e00000, 0x00000000c2f00000|  0%| F|  |TAMS 0x00000000c2e00000, 0x00000000c2e00000| Untracked 
|  11|0x00000000c2f00000, 0x00000000c2f00000, 0x00000000c3000000|  0%| F|  |TAMS 0x00000000c2f00000, 0x00000000c2f00000| Untracked 
|  12|0x00000000c3000000, 0x00000000c3000000, 0x00000000c3100000|  0%| F|  |TAMS 0x00000000c3000000, 0x00000000c3000000| Untracked 
|  13|0x00000000c3100000, 0x00000000c3100000, 0x00000000c3200000|  0%| F|  |TAMS 0x00000000c3100000, 0x00000000c3100000| Untracked 
|  14|0x00000000c3200000, 0x00000000c3200000, 0x00000000c3300000|  0%| F|  |TAMS 0x00000000c3200000, 0x00000000c3200000| Untracked 
|  15|0x00000000c3300000, 0x00000000c3300000, 0x00000000c3400000|  0%| F|  |TAMS 0x00000000c3300000, 0x00000000c3300000| Untracked 
|  16|0x00000000c3400000, 0x00000000c3400000, 0x00000000c3500000|  0%| F|  |TAMS 0x00000000c3400000, 0x00000000c3400000| Untracked 
|  17|0x00000000c3500000, 0x00000000c3500000, 0x00000000c3600000|  0%| F|  |TAMS 0x00000000c3500000, 0x00000000c3500000| Untracked 
|  18|0x00000000c3600000, 0x00000000c3600000, 0x00000000c3700000|  0%| F|  |TAMS 0x00000000c3600000, 0x00000000c3600000| Untracked 
|  19|0x00000000c3700000, 0x00000000c3700000, 0x00000000c3800000|  0%| F|  |TAMS 0x00000000c3700000, 0x00000000c3700000| Untracked 
|  20|0x00000000c3800000, 0x00000000c3800000, 0x00000000c3900000|  0%| F|  |TAMS 0x00000000c3800000, 0x00000000c3800000| Untracked 
|  21|0x00000000c3900000, 0x00000000c3900000, 0x00000000c3a00000|  0%| F|  |TAMS 0x00000000c3900000, 0x00000000c3900000| Untracked 
|  22|0x00000000c3a00000, 0x00000000c3a00000, 0x00000000c3b00000|  0%| F|  |TAMS 0x00000000c3a00000, 0x00000000c3a00000| Untracked 
|  23|0x00000000c3b00000, 0x00000000c3b00000, 0x00000000c3c00000|  0%| F|  |TAMS 0x00000000c3b00000, 0x00000000c3b00000| Untracked 
|  24|0x00000000c3c00000, 0x00000000c3c00000, 0x00000000c3d00000|  0%| F|  |TAMS 0x00000000c3c00000, 0x00000000c3c00000| Untracked 
|  25|0x00000000c3d00000, 0x00000000c3d00000, 0x00000000c3e00000|  0%| F|  |TAMS 0x00000000c3d00000, 0x00000000c3d00000| Untracked 
|  26|0x00000000c3e00000, 0x00000000c3e00000, 0x00000000c3f00000|  0%| F|  |TAMS 0x00000000c3e00000, 0x00000000c3e00000| Untracked 
|  27|0x00000000c3f00000, 0x00000000c3f00000, 0x00000000c4000000|  0%| F|  |TAMS 0x00000000c3f00000, 0x00000000c3f00000| Untracked 
|  28|0x00000000c4000000, 0x00000000c4000000, 0x00000000c4100000|  0%| F|  |TAMS 0x00000000c4000000, 0x00000000c4000000| Untracked 
|  29|0x00000000c4100000, 0x00000000c4100000, 0x00000000c4200000|  0%| F|  |TAMS 0x00000000c4100000, 0x00000000c4100000| Untracked 
|  30|0x00000000c4200000, 0x00000000c4200000, 0x00000000c4300000|  0%| F|  |TAMS 0x00000000c4200000, 0x00000000c4200000| Untracked 
|  31|0x00000000c4300000, 0x00000000c4300000, 0x00000000c4400000|  0%| F|  |TAMS 0x00000000c4300000, 0x00000000c4300000| Untracked 
|  32|0x00000000c4400000, 0x00000000c4400000, 0x00000000c4500000|  0%| F|  |TAMS 0x00000000c4400000, 0x00000000c4400000| Untracked 
|  33|0x00000000c4500000, 0x00000000c4500000, 0x00000000c4600000|  0%| F|  |TAMS 0x00000000c4500000, 0x00000000c4500000| Untracked 
|  34|0x00000000c4600000, 0x00000000c4600000, 0x00000000c4700000|  0%| F|  |TAMS 0x00000000c4600000, 0x00000000c4600000| Untracked 
|  35|0x00000000c4700000, 0x00000000c4700000, 0x00000000c4800000|  0%| F|  |TAMS 0x00000000c4700000, 0x00000000c4700000| Untracked 
|  36|0x00000000c4800000, 0x00000000c4800000, 0x00000000c4900000|  0%| F|  |TAMS 0x00000000c4800000, 0x00000000c4800000| Untracked 
|  37|0x00000000c4900000, 0x00000000c4900000, 0x00000000c4a00000|  0%| F|  |TAMS 0x00000000c4900000, 0x00000000c4900000| Untracked 
|  38|0x00000000c4a00000, 0x00000000c4a00000, 0x00000000c4b00000|  0%| F|  |TAMS 0x00000000c4a00000, 0x00000000c4a00000| Untracked 
|  39|0x00000000c4b00000, 0x00000000c4b00000, 0x00000000c4c00000|  0%| F|  |TAMS 0x00000000c4b00000, 0x00000000c4b00000| Untracked 
|  40|0x00000000c4c00000, 0x00000000c4c00000, 0x00000000c4d00000|  0%| F|  |TAMS 0x00000000c4c00000, 0x00000000c4c00000| Untracked 
|  41|0x00000000c4d00000, 0x00000000c4d00000, 0x00000000c4e00000|  0%| F|  |TAMS 0x00000000c4d00000, 0x00000000c4d00000| Untracked 
|  42|0x00000000c4e00000, 0x00000000c4e00000, 0x00000000c4f00000|  0%| F|  |TAMS 0x00000000c4e00000, 0x00000000c4e00000| Untracked 
|  43|0x00000000c4f00000, 0x00000000c4f00000, 0x00000000c5000000|  0%| F|  |TAMS 0x00000000c4f00000, 0x00000000c4f00000| Untracked 
|  44|0x00000000c5000000, 0x00000000c5000000, 0x00000000c5100000|  0%| F|  |TAMS 0x00000000c5000000, 0x00000000c5000000| Untracked 
|  45|0x00000000c5100000, 0x00000000c5100000, 0x00000000c5200000|  0%| F|  |TAMS 0x00000000c5100000, 0x00000000c5100000| Untracked 
|  46|0x00000000c5200000, 0x00000000c5200000, 0x00000000c5300000|  0%| F|  |TAMS 0x00000000c5200000, 0x00000000c5200000| Untracked 
|  47|0x00000000c5300000, 0x00000000c5300000, 0x00000000c5400000|  0%| F|  |TAMS 0x00000000c5300000, 0x00000000c5300000| Untracked 
|  48|0x00000000c5400000, 0x00000000c5400000, 0x00000000c5500000|  0%| F|  |TAMS 0x00000000c5400000, 0x00000000c5400000| Untracked 
|  49|0x00000000c5500000, 0x00000000c5500000, 0x00000000c5600000|  0%| F|  |TAMS 0x00000000c5500000, 0x00000000c5500000| Untracked 
|  50|0x00000000c5600000, 0x00000000c5600000, 0x00000000c5700000|  0%| F|  |TAMS 0x00000000c5600000, 0x00000000c5600000| Untracked 
|  51|0x00000000c5700000, 0x00000000c5700000, 0x00000000c5800000|  0%| F|  |TAMS 0x00000000c5700000, 0x00000000c5700000| Untracked 
|  52|0x00000000c5800000, 0x00000000c5800000, 0x00000000c5900000|  0%| F|  |TAMS 0x00000000c5800000, 0x00000000c5800000| Untracked 
|  53|0x00000000c5900000, 0x00000000c5a00000, 0x00000000c5a00000|100%| E|  |TAMS 0x00000000c5900000, 0x00000000c5900000| Complete 
|  54|0x00000000c5a00000, 0x00000000c5b00000, 0x00000000c5b00000|100%| E|CS|TAMS 0x00000000c5a00000, 0x00000000c5a00000| Complete 
|  55|0x00000000c5b00000, 0x00000000c5c00000, 0x00000000c5c00000|100%| E|CS|TAMS 0x00000000c5b00000, 0x00000000c5b00000| Complete 
|  56|0x00000000c5c00000, 0x00000000c5d00000, 0x00000000c5d00000|100%| E|CS|TAMS 0x00000000c5c00000, 0x00000000c5c00000| Complete 
|  57|0x00000000c5d00000, 0x00000000c5e00000, 0x00000000c5e00000|100%| E|CS|TAMS 0x00000000c5d00000, 0x00000000c5d00000| Complete 
|  58|0x00000000c5e00000, 0x00000000c5f00000, 0x00000000c5f00000|100%| E|CS|TAMS 0x00000000c5e00000, 0x00000000c5e00000| Complete 
|  59|0x00000000c5f00000, 0x00000000c6000000, 0x00000000c6000000|100%| E|  |TAMS 0x00000000c5f00000, 0x00000000c5f00000| Complete 
|  60|0x00000000c6000000, 0x00000000c6100000, 0x00000000c6100000|100%| E|CS|TAMS 0x00000000c6000000, 0x00000000c6000000| Complete 
|  61|0x00000000c6100000, 0x00000000c6200000, 0x00000000c6200000|100%| E|CS|TAMS 0x00000000c6100000, 0x00000000c6100000| Complete 

Card table byte_map: [0x000001d051350000,0x000001d051540000] _byte_map_base: 0x000001d050d3e000

Marking Bits (Prev, Next): (CMBitMap*) 0x000001d037796b58, (CMBitMap*) 0x000001d037796b98
 Prev Bits: [0x000001d051730000, 0x000001d0526a0000)
 Next Bits: [0x000001d0526a0000, 0x000001d053610000)

Polling page: 0x000001d0375e0000

Metaspace:

Usage:
  Non-class:      9.68 MB capacity,     9.48 MB ( 98%) used,   175.29 KB (  2%) free+waste,    27.56 KB ( <1%) overhead. 
      Class:      1.40 MB capacity,     1.25 MB ( 90%) used,   133.27 KB (  9%) free+waste,    16.94 KB (  1%) overhead. 
       Both:     11.08 MB capacity,    10.73 MB ( 97%) used,   308.55 KB (  3%) free+waste,    44.50 KB ( <1%) overhead. 

Virtual space:
  Non-class space:       10.00 MB reserved,       9.75 MB ( 98%) committed 
      Class space:        1.00 GB reserved,       1.50 MB ( <1%) committed 
             Both:        1.01 GB reserved,      11.25 MB (  1%) committed 

Chunk freelists:
   Non-Class:  11.00 KB
       Class:  5.00 KB
        Both:  16.00 KB

MaxMetaspaceSize: 17179869184.00 GB
CompressedClassSpaceSize: 1.00 GB

CodeHeap 'non-profiled nmethods': size=120000Kb used=350Kb max_used=350Kb free=119649Kb
 bounds [0x000001d0491c0000, 0x000001d049430000, 0x000001d0506f0000]
CodeHeap 'profiled nmethods': size=120000Kb used=1818Kb max_used=1818Kb free=118181Kb
 bounds [0x000001d041c90000, 0x000001d041f00000, 0x000001d0491c0000]
CodeHeap 'non-nmethods': size=5760Kb used=1298Kb max_used=1313Kb free=4461Kb
 bounds [0x000001d0416f0000, 0x000001d041960000, 0x000001d041c90000]
 total_blobs=2219 nmethods=1171 adapters=505
 compilation: enabled
              stopped_count=0, restarted_count=0
 full_count=0

Compilation events (20 events):
Event: 1.040 Thread 0x000001d056027800 1164       3       java.awt.Component::contains (7 bytes)
Event: 1.040 Thread 0x000001d056027800 nmethod 1164 0x000001d041e53a90 code [0x000001d041e53c40, 0x000001d041e53f58]
Event: 1.040 Thread 0x000001d056027800 1163       3       java.util.concurrent.locks.AbstractQueuedSynchronizer$ConditionObject::signalAll (34 bytes)
Event: 1.041 Thread 0x000001d056027800 nmethod 1163 0x000001d041e54010 code [0x000001d041e541e0, 0x000001d041e54548]
Event: 1.064 Thread 0x000001d056027800 1165       3       java.security.ProtectionDomain$JavaSecurityAccessImpl::doIntersectionPrivilege (22 bytes)
Event: 1.064 Thread 0x000001d056027800 nmethod 1165 0x000001d041e54690 code [0x000001d041e548e0, 0x000001d041e551e8]
Event: 1.064 Thread 0x000001d056027800 1166       3       java.security.ProtectionDomain$JavaSecurityAccessImpl::getCombinedACC (30 bytes)
Event: 1.065 Thread 0x000001d056027800 nmethod 1166 0x000001d041e55510 code [0x000001d041e556e0, 0x000001d041e55ad8]
Event: 1.065 Thread 0x000001d056027800 1167       1       java.awt.Window::isRecursivelyVisible (5 bytes)
Event: 1.065 Thread 0x000001d056027800 nmethod 1167 0x000001d049216c90 code [0x000001d049216e20, 0x000001d049216ef8]
Event: 1.098 Thread 0x000001d056022800 1168       4       jdk.internal.logger.SurrogateLogger::defaultPlatformLevel (4 bytes)
Event: 1.098 Thread 0x000001d056022800 nmethod 1168 0x000001d049216f90 code [0x000001d049217100, 0x000001d049217178]
Event: 1.123 Thread 0x000001d056027800 1169       1       java.awt.event.InputEvent::getWhen (5 bytes)
Event: 1.123 Thread 0x000001d056027800 nmethod 1169 0x000001d049217290 code [0x000001d049217420, 0x000001d0492174f8]
Event: 1.130 Thread 0x000001d056022800 1170       4       sun.awt.AWTAutoShutdown::getInstance (4 bytes)
Event: 1.130 Thread 0x000001d056022800 nmethod 1170 0x000001d049217590 code [0x000001d049217700, 0x000001d049217758]
Event: 1.178 Thread 0x000001d056027800 1171       3       java.awt.Container$MouseEventTargetFilter::accept (66 bytes)
Event: 1.179 Thread 0x000001d056027800 nmethod 1171 0x000001d041e55c90 code [0x000001d041e55e40, 0x000001d041e56138]
Event: 1.186 Thread 0x000001d056027800 1172       3       java.awt.EventQueue::getNextEventPrivate (76 bytes)
Event: 1.187 Thread 0x000001d056027800 nmethod 1172 0x000001d041e56210 code [0x000001d041e563e0, 0x000001d041e56748]

GC Heap History (0 events):
No events

Deoptimization events (20 events):
Event: 0.302 Thread 0x000001d037765000 Uncommon trap: trap_request=0xffffffc6 fr.pc=0x000001d0491ea020 relative=0x00000000000014a0
Event: 0.302 Thread 0x000001d037765000 Uncommon trap: reason=bimorphic_or_optimized_type_check action=maybe_recompile pc=0x000001d0491ea020 method=java.util.HashMap.putVal(ILjava/lang/Object;Ljava/lang/Object;ZZ)Ljava/lang/Object; @ 56 c2
Event: 0.302 Thread 0x000001d037765000 DEOPT PACKING pc=0x000001d0491ea020 sp=0x000000ac26dfee30
Event: 0.302 Thread 0x000001d037765000 DEOPT UNPACKING pc=0x000001d04173912f sp=0x000000ac26dfedb8 mode 2
Event: 0.302 Thread 0x000001d037765000 Uncommon trap: trap_request=0xffffffc6 fr.pc=0x000001d0491ea020 relative=0x00000000000014a0
Event: 0.302 Thread 0x000001d037765000 Uncommon trap: reason=bimorphic_or_optimized_type_check action=maybe_recompile pc=0x000001d0491ea020 method=java.util.HashMap.putVal(ILjava/lang/Object;Ljava/lang/Object;ZZ)Ljava/lang/Object; @ 56 c2
Event: 0.302 Thread 0x000001d037765000 DEOPT PACKING pc=0x000001d0491ea020 sp=0x000000ac26dfee30
Event: 0.302 Thread 0x000001d037765000 DEOPT UNPACKING pc=0x000001d04173912f sp=0x000000ac26dfedb8 mode 2
Event: 0.314 Thread 0x000001d056c7f800 Uncommon trap: trap_request=0xffffffde fr.pc=0x000001d0491f9c50 relative=0x0000000000000b90
Event: 0.314 Thread 0x000001d056c7f800 Uncommon trap: reason=class_check action=maybe_recompile pc=0x000001d0491f9c50 method=java.util.HashMap.putVal(ILjava/lang/Object;Ljava/lang/Object;ZZ)Ljava/lang/Object; @ 91 c2
Event: 0.314 Thread 0x000001d056c7f800 DEOPT PACKING pc=0x000001d0491f9c50 sp=0x000000ac281fdcb0
Event: 0.314 Thread 0x000001d056c7f800 DEOPT UNPACKING pc=0x000001d04173912f sp=0x000000ac281fdc50 mode 2
Event: 0.314 Thread 0x000001d056c7f800 Uncommon trap: trap_request=0xffffffde fr.pc=0x000001d0491f9c50 relative=0x0000000000000b90
Event: 0.314 Thread 0x000001d056c7f800 Uncommon trap: reason=class_check action=maybe_recompile pc=0x000001d0491f9c50 method=java.util.HashMap.putVal(ILjava/lang/Object;Ljava/lang/Object;ZZ)Ljava/lang/Object; @ 91 c2
Event: 0.314 Thread 0x000001d056c7f800 DEOPT PACKING pc=0x000001d0491f9c50 sp=0x000000ac281fdcb0
Event: 0.314 Thread 0x000001d056c7f800 DEOPT UNPACKING pc=0x000001d04173912f sp=0x000000ac281fdc50 mode 2
Event: 0.446 Thread 0x000001d037765000 Uncommon trap: trap_request=0xffffff45 fr.pc=0x000001d0491ec9ac relative=0x000000000000018c
Event: 0.446 Thread 0x000001d037765000 Uncommon trap: reason=unstable_if action=reinterpret pc=0x000001d0491ec9ac method=java.lang.String.equals(Ljava/lang/Object;)Z @ 33 c2
Event: 0.446 Thread 0x000001d037765000 DEOPT PACKING pc=0x000001d0491ec9ac sp=0x000000ac26dff4c0
Event: 0.446 Thread 0x000001d037765000 DEOPT UNPACKING pc=0x000001d04173912f sp=0x000000ac26dff460 mode 2

Classes unloaded (0 events):
No events

Classes redefined (0 events):
No events

Internal exceptions (17 events):
Event: 0.064 Thread 0x000001d037765000 Exception <a 'java/lang/NoSuchMethodError'{0x00000000c61a8828}: 'void java.lang.invoke.DirectMethodHandle$Holder.invokeSpecial(java.lang.Object, java.lang.Object, java.lang.Object, java.lang.Object)'> (0x00000000c61a8828) 
thrown [./open/src/hotspot/share/interpreter/linkResolver.cpp, line 766]
Event: 0.086 Thread 0x000001d037765000 Exception <a 'java/lang/NoSuchMethodError'{0x00000000c603bf48}: 'int java.lang.invoke.DirectMethodHandle$Holder.invokeSpecialIFC(java.lang.Object, java.lang.Object, int)'> (0x00000000c603bf48) 
thrown [./open/src/hotspot/share/interpreter/linkResolver.cpp, line 766]
Event: 0.161 Thread 0x000001d037765000 Exception <a 'java/lang/NoSuchMethodError'{0x00000000c5e6ed80}: 'void java.lang.invoke.DirectMethodHandle$Holder.invokeSpecial(java.lang.Object, java.lang.Object, java.lang.Object, java.lang.Object, java.lang.Object)'> (0x00000000c5e6ed80) 
thrown [./open/src/hotspot/share/interpreter/linkResolver.cpp, line 766]
Event: 0.162 Thread 0x000001d037765000 Exception <a 'java/lang/IncompatibleClassChangeError'{0x00000000c5e7db98}: Found class java.lang.Object, but interface was expected> (0x00000000c5e7db98) 
thrown [./open/src/hotspot/share/interpreter/linkResolver.cpp, line 832]
Event: 0.163 Thread 0x000001d037765000 Exception <a 'java/lang/NoSuchMethodError'{0x00000000c5e80590}: 'void java.lang.invoke.DirectMethodHandle$Holder.invokeStatic(java.lang.Object, java.lang.Object, java.lang.Object, java.lang.Object)'> (0x00000000c5e80590) 
thrown [./open/src/hotspot/share/interpreter/linkResolver.cpp, line 766]
Event: 0.194 Thread 0x000001d037765000 Exception <a 'java/lang/ClassNotFoundException'{0x00000000c5d463b0}: sun/awt/resources/spi/awtProvider> (0x00000000c5d463b0) 
thrown [./open/src/hotspot/share/classfile/systemDictionary.cpp, line 226]
Event: 0.215 Thread 0x000001d037765000 Exception <a 'java/io/FileNotFoundException'{0x00000000c5d888c8}> (0x00000000c5d888c8) 
thrown [./open/src/hotspot/share/prims/jni.cpp, line 599]
Event: 0.224 Thread 0x000001d037765000 Exception <a 'java/io/FileNotFoundException'{0x00000000c5daeb88}> (0x00000000c5daeb88) 
thrown [./open/src/hotspot/share/prims/jni.cpp, line 599]
Event: 0.261 Thread 0x000001d056c7f800 Exception <a 'java/lang/NoSuchMethodError'{0x00000000c5c7b330}: 'void java.lang.invoke.DirectMethodHandle$Holder.invokeSpecial(java.lang.Object, java.lang.Object)'> (0x00000000c5c7b330) 
thrown [./open/src/hotspot/share/interpreter/linkResolver.cpp, line 766]
Event: 0.283 Thread 0x000001d037765000 Exception <a 'java/lang/NoSuchMethodError'{0x00000000c5c64f90}: 'java.lang.Object java.lang.invoke.DirectMethodHandle$Holder.invokeStatic(java.lang.Object, int, java.lang.Object, java.lang.Object, java.lang.Object, java.lang.Object)'> (0x00000000c5c64f90) 
thrown [./open/src/hotspot/share/interpreter/linkResolver.cpp, line 766]
Event: 0.283 Thread 0x000001d037765000 Exception <a 'java/lang/NoSuchMethodError'{0x00000000c5c6b8b0}: 'java.lang.Object java.lang.invoke.DirectMethodHandle$Holder.invokeStatic(java.lang.Object, int, java.lang.Object, java.lang.Object, java.lang.Object)'> (0x00000000c5c6b8b0) 
thrown [./open/src/hotspot/share/interpreter/linkResolver.cpp, line 766]
Event: 0.284 Thread 0x000001d037765000 Exception <a 'java/lang/NoSuchMethodError'{0x00000000c5c6f100}: 'java.lang.Object java.lang.invoke.DirectMethodHandle$Holder.invokeSpecial(java.lang.Object, java.lang.Object, int, java.lang.Object, java.lang.Object, java.lang.Object)'> (0x00000000c5c6f100) 
thrown [./open/src/hotspot/share/interpreter/linkResolver.cpp, line 766]
Event: 0.286 Thread 0x000001d037765000 Exception <a 'java/lang/NoSuchMethodError'{0x00000000c5cfb300}: 'java.lang.Object java.lang.invoke.DirectMethodHandle$Holder.invokeStatic(java.lang.Object, int, java.lang.Object)'> (0x00000000c5cfb300) 
thrown [./open/src/hotspot/share/interpreter/linkResolver.cpp, line 766]
Event: 0.302 Thread 0x000001d037765000 Exception <a 'java/lang/ClassNotFoundException'{0x00000000c5b9ee88}: com/sun/swing/internal/plaf/metal/resources/spi/metalProvider> (0x00000000c5b9ee88) 
thrown [./open/src/hotspot/share/classfile/systemDictionary.cpp, line 226]
Event: 0.303 Thread 0x000001d037765000 Exception <a 'java/lang/ClassNotFoundException'{0x00000000c5ba2ef0}: com/sun/swing/internal/plaf/basic/resources/spi/basicProvider> (0x00000000c5ba2ef0) 
thrown [./open/src/hotspot/share/classfile/systemDictionary.cpp, line 226]
Event: 0.332 Thread 0x000001d037765000 Exception <a 'java/lang/NoSuchMethodError'{0x00000000c5be1930}: 'void java.lang.invoke.DirectMethodHandle$Holder.invokeStaticInit(java.lang.Object)'> (0x00000000c5be1930) 
thrown [./open/src/hotspot/share/interpreter/linkResolver.cpp, line 766]
Event: 0.354 Thread 0x000001d037765000 Exception <a 'java/lang/NoSuchMethodError'{0x00000000c5a4b640}: 'java.lang.Object java.lang.invoke.Invokers$Holder.linkToTargetMethod(java.lang.Object, int, java.lang.Object)'> (0x00000000c5a4b640) 
thrown [./open/src/hotspot/share/interpreter/linkResolver.cpp, line 766]

Events (20 events):
Event: 0.584 loading class java/awt/Container$MouseEventTargetFilter
Event: 0.584 loading class java/awt/Container$EventTargetFilter
Event: 0.584 loading class java/awt/Container$EventTargetFilter done
Event: 0.584 loading class java/awt/Container$MouseEventTargetFilter done
Event: 0.584 loading class java/awt/LightweightDispatcher$1
Event: 0.584 loading class java/awt/LightweightDispatcher$1 done
Event: 0.584 loading class java/awt/event/AWTEventListenerProxy
Event: 0.584 loading class java/awt/event/AWTEventListenerProxy done
Event: 0.584 loading class java/awt/Toolkit$SelectiveAWTEventListener
Event: 0.584 loading class java/awt/Toolkit$SelectiveAWTEventListener done
Event: 0.584 loading class java/awt/Toolkit$ToolkitEventMulticaster
Event: 0.584 loading class java/awt/Toolkit$ToolkitEventMulticaster done
Event: 1.186 loading class java/awt/LightweightDispatcher$2
Event: 1.186 loading class java/awt/LightweightDispatcher$2 done
Event: 1.648 Executing VM operation: HandshakeOneThread
Event: 1.648 Executing VM operation: HandshakeOneThread done
Event: 1.648 loading class java/awt/KeyboardFocusManager$2
Event: 1.648 loading class java/awt/KeyboardFocusManager$2 done
Event: 1.648 loading class sun/awt/SunToolkit$1
Event: 1.649 loading class sun/awt/SunToolkit$1 done


Dynamic libraries:
0x00007ff60e740000 - 0x00007ff60e74f000 	C:\Program Files\Java\jdk-14.0.1\bin\javaw.exe
0x00007ff826850000 - 0x00007ff826a44000 	C:\WINDOWS\SYSTEM32\ntdll.dll
0x00007ff825b00000 - 0x00007ff825bbd000 	C:\WINDOWS\System32\KERNEL32.DLL
0x00007ff824230000 - 0x00007ff8244f7000 	C:\WINDOWS\System32\KERNELBASE.dll
0x00007ff8247c0000 - 0x00007ff8248c0000 	C:\WINDOWS\System32\ucrtbase.dll
0x00007ffff6710000 - 0x00007ffff6725000 	C:\Program Files\Java\jdk-14.0.1\bin\VCRUNTIME140.dll
0x00007ffff66f0000 - 0x00007ffff6708000 	C:\Program Files\Java\jdk-14.0.1\bin\jli.dll
0x00007ff824d40000 - 0x00007ff824dea000 	C:\WINDOWS\System32\ADVAPI32.dll
0x00007ff826770000 - 0x00007ff82680e000 	C:\WINDOWS\System32\msvcrt.dll
0x00007ff825720000 - 0x00007ff8257bb000 	C:\WINDOWS\System32\sechost.dll
0x00007ff8264e0000 - 0x00007ff826603000 	C:\WINDOWS\System32\RPCRT4.dll
0x00007ff8258d0000 - 0x00007ff825a70000 	C:\WINDOWS\System32\USER32.dll
0x00007ff823fa0000 - 0x00007ff823fc2000 	C:\WINDOWS\System32\win32u.dll
0x00007ff810ec0000 - 0x00007ff81115a000 	C:\WINDOWS\WinSxS\amd64_microsoft.windows.common-controls_6595b64144ccf1df_6.0.19041.1_none_b555e41d4684ddec\COMCTL32.dll
0x00007ff826610000 - 0x00007ff82663a000 	C:\WINDOWS\System32\GDI32.dll
0x00007ff8246b0000 - 0x00007ff8247ba000 	C:\WINDOWS\System32\gdi32full.dll
0x00007ff824560000 - 0x00007ff8245fd000 	C:\WINDOWS\System32\msvcp_win.dll
0x00007ff81d9d0000 - 0x00007ff81d9da000 	C:\WINDOWS\SYSTEM32\VERSION.dll
0x00007ff8257c0000 - 0x00007ff8257f0000 	C:\WINDOWS\System32\IMM32.DLL
0x00007fffeff70000 - 0x00007ffff000b000 	C:\Program Files\Java\jdk-14.0.1\bin\msvcp140.dll
0x00007fffc3d50000 - 0x00007fffc486e000 	C:\Program Files\Java\jdk-14.0.1\bin\server\jvm.dll
0x00007ff824ba0000 - 0x00007ff824ba8000 	C:\WINDOWS\System32\PSAPI.DLL
0x00007ff81edf0000 - 0x00007ff81edf9000 	C:\WINDOWS\SYSTEM32\WSOCK32.dll
0x00007ff811840000 - 0x00007ff811867000 	C:\WINDOWS\SYSTEM32\WINMM.dll
0x00007ff826470000 - 0x00007ff8264db000 	C:\WINDOWS\System32\WS2_32.dll
0x00007ff822900000 - 0x00007ff822913000 	C:\WINDOWS\SYSTEM32\kernel.appcore.dll
0x00007ff81e2a0000 - 0x00007ff81e2aa000 	C:\Program Files\Java\jdk-14.0.1\bin\jimage.dll
0x00007ff8225d0000 - 0x00007ff8227b4000 	C:\WINDOWS\SYSTEM32\DBGHELP.DLL
0x00007ff80f090000 - 0x00007ff80f0bc000 	C:\WINDOWS\SYSTEM32\dbgcore.DLL
0x00007ff824130000 - 0x00007ff8241af000 	C:\WINDOWS\System32\bcryptPrimitives.dll
0x00007ff816cd0000 - 0x00007ff816cf5000 	C:\Program Files\Java\jdk-14.0.1\bin\java.dll
0x00007ff807aa0000 - 0x00007ff807ab6000 	C:\Program Files\Java\jdk-14.0.1\bin\zip.dll
0x00007ff824df0000 - 0x00007ff825524000 	C:\WINDOWS\System32\SHELL32.dll
0x00007ff821e30000 - 0x00007ff8225be000 	C:\WINDOWS\SYSTEM32\windows.storage.dll
0x00007ff826110000 - 0x00007ff826463000 	C:\WINDOWS\System32\combase.dll
0x00007ff823a20000 - 0x00007ff823a4b000 	C:\WINDOWS\SYSTEM32\Wldp.dll
0x00007ff824c90000 - 0x00007ff824d3e000 	C:\WINDOWS\System32\SHCORE.dll
0x00007ff826640000 - 0x00007ff826695000 	C:\WINDOWS\System32\shlwapi.dll
0x00007ff823ee0000 - 0x00007ff823eff000 	C:\WINDOWS\SYSTEM32\profapi.dll
0x00007ffffd9f0000 - 0x00007ffffda09000 	C:\Program Files\Java\jdk-14.0.1\bin\net.dll
0x00007ff814f20000 - 0x00007ff815020000 	C:\WINDOWS\SYSTEM32\WINHTTP.dll
0x00007ff8237a0000 - 0x00007ff82380a000 	C:\WINDOWS\system32\mswsock.dll
0x00007ffffb2c0000 - 0x00007ffffb2d2000 	C:\Program Files\Java\jdk-14.0.1\bin\nio.dll
0x00007fffe5550000 - 0x00007fffe56e8000 	C:\Program Files\Java\jdk-14.0.1\bin\awt.dll
0x00007ff8266a0000 - 0x00007ff82676d000 	C:\WINDOWS\System32\OLEAUT32.dll
0x00007ff8212a0000 - 0x00007ff821330000 	C:\WINDOWS\SYSTEM32\apphelp.dll
0x00007ff821a80000 - 0x00007ff821aae000 	C:\WINDOWS\system32\DWMAPI.DLL
0x00007ff8216f0000 - 0x00007ff82178f000 	C:\WINDOWS\system32\uxtheme.dll
0x00007ffff8890000 - 0x00007ffff89ec000 	C:\WINDOWS\system32\opengl32.dll
0x00007ff800040000 - 0x00007ff80006c000 	C:\WINDOWS\SYSTEM32\GLU32.dll
0x00007ff825530000 - 0x00007ff825645000 	C:\WINDOWS\System32\MSCTF.dll
0x00007ff8248c0000 - 0x00007ff8249e9000 	C:\WINDOWS\System32\ole32.dll
0x00007fffecc60000 - 0x00007fffecce2000 	C:\Program Files\Java\jdk-14.0.1\bin\freetype.dll
0x00007fffe9e80000 - 0x00007fffe9f26000 	C:\Program Files\Java\jdk-14.0.1\bin\fontmanager.dll
0x00007ff81bce0000 - 0x00007ff81bddc000 	C:\WINDOWS\SYSTEM32\textinputframework.dll
0x00007ff821020000 - 0x00007ff821112000 	C:\WINDOWS\System32\CoreMessaging.dll
0x00007ff820c80000 - 0x00007ff820fda000 	C:\WINDOWS\System32\CoreUIComponents.dll
0x00007ff822d10000 - 0x00007ff822d43000 	C:\WINDOWS\SYSTEM32\ntmarta.dll
0x00007ff820500000 - 0x00007ff820656000 	C:\WINDOWS\SYSTEM32\wintypes.dll
0x00007ff825660000 - 0x00007ff825708000 	C:\WINDOWS\System32\clbcatq.dll
0x00007ff8005a0000 - 0x00007ff800754000 	C:\WINDOWS\SYSTEM32\WindowsCodecs.dll
0x00007ff8241b0000 - 0x00007ff8241d7000 	C:\WINDOWS\System32\bcrypt.dll
0x00007ffff90c0000 - 0x00007ffff90fe000 	C:\WINDOWS\system32\dataexchange.dll
0x00007ff820710000 - 0x00007ff8208f5000 	C:\WINDOWS\system32\dcomp.dll
0x00007ff81fc90000 - 0x00007ff81fef3000 	C:\WINDOWS\system32\d3d11.dll
0x00007ff822920000 - 0x00007ff822a13000 	C:\WINDOWS\system32\dxgi.dll
0x00007ff81a760000 - 0x00007ff81a968000 	C:\WINDOWS\system32\twinapi.appcore.dll

dbghelp: loaded successfully - version: 4.0.5 - missing functions: none
symbol engine: initialized successfully - sym options: 0x614 - pdb path: .;C:\Program Files\Java\jdk-14.0.1\bin;C:\WINDOWS\SYSTEM32;C:\WINDOWS\WinSxS\amd64_microsoft.windows.common-controls_6595b64144ccf1df_6.0.19041.1_none_b555e41d4684ddec;C:\Program Files\Java\jdk-14.0.1\bin\server

VM Arguments:
jvm_args: -Dfile.encoding=UTF-8 --module-path=C:\Users\sonkt\Desktop\BTnhom\sqljdbc4.jar 
java_command: quanLymuabanXe.Xe_Form
java_class_path (initial): C:\Users\sonkt\Desktop\BTnhom\bin
Launcher Type: SUN_STANDARD

[Global flags]
     intx CICompilerCount                          = 4                                         {product} {ergonomic}
     uint ConcGCThreads                            = 2                                         {product} {ergonomic}
     uint G1ConcRefinementThreads                  = 8                                         {product} {ergonomic}
   size_t G1HeapRegionSize                         = 1048576                                   {product} {ergonomic}
    uintx GCDrainStackTargetSize                   = 64                                        {product} {ergonomic}
   size_t InitialHeapSize                          = 65011712                                  {product} {ergonomic}
   size_t MarkStackSize                            = 4194304                                   {product} {ergonomic}
   size_t MaxHeapSize                              = 1035993088                                {product} {ergonomic}
   size_t MaxNewSize                               = 620756992                                 {product} {ergonomic}
   size_t MinHeapDeltaBytes                        = 1048576                                   {product} {ergonomic}
   size_t MinHeapSize                              = 8388608                                   {product} {ergonomic}
    uintx NonNMethodCodeHeapSize                   = 5839372                                {pd product} {ergonomic}
    uintx NonProfiledCodeHeapSize                  = 122909434                              {pd product} {ergonomic}
    uintx ProfiledCodeHeapSize                     = 122909434                              {pd product} {ergonomic}
    uintx ReservedCodeCacheSize                    = 251658240                              {pd product} {ergonomic}
     bool SegmentedCodeCache                       = true                                      {product} {ergonomic}
   size_t SoftMaxHeapSize                          = 1035993088                             {manageable} {ergonomic}
     bool UseCompressedClassPointers               = true                                 {lp64_product} {ergonomic}
     bool UseCompressedOops                        = true                                 {lp64_product} {ergonomic}
     bool UseG1GC                                  = true                                      {product} {ergonomic}
     bool UseLargePagesIndividualAllocation        = false                                  {pd product} {ergonomic}

Logging:
Log output configuration:
 #0: stdout all=warning uptime,level,tags
 #1: stderr all=off uptime,level,tags

Environment Variables:
PATH=C:/Program Files/Java/jdk-14.0.1/bin/server;C:/Program Files/Java/jdk-14.0.1/bin;C:\WINDOWS\system32;C:\WINDOWS;C:\WINDOWS\System32\Wbem;C:\WINDOWS\System32\WindowsPowerShell\v1.0\;C:\WINDOWS\System32\OpenSSH\;C:\Program Files\Microsoft SQL Server\Client SDK\ODBC\170\Tools\Binn\;C:\Program Files (x86)\Microsoft SQL Server\150\Tools\Binn\;C:\Program Files\Microsoft SQL Server\150\Tools\Binn\;C:\Program Files\Microsoft SQL Server\150\DTS\Binn\;C:\Program Files (x86)\Microsoft SQL Server\150\DTS\Binn\;C:\Program Files\Java\jdk-14.0.1\bin;C:\Program Files\dotnet\;C:\Program Files\Microsoft SQL Server\130\Tools\Binn\;C:\Users\sonkt\AppData\Local\Microsoft\WindowsApps;;C:\Users\sonkt\Downloads\eclipse;
USERNAME=HP
OS=Windows_NT
PROCESSOR_IDENTIFIER=Intel64 Family 6 Model 142 Stepping 11, GenuineIntel



---------------  S Y S T E M  ---------------

OS: Windows 10 , 64 bit Build 19041 (10.0.19041.292)
OS uptime: 0 days 7:41 hours

CPU:total 8 (initial active 8) (4 cores per cpu, 2 threads per core) family 6 model 142 stepping 11, cmov, cx8, fxsr, mmx, sse, sse2, sse3, ssse3, sse4.1, sse4.2, popcnt, avx, avx2, aes, clmul, erms, 3dnowpref, lzcnt, ht, tsc, tscinvbit, bmi1, bmi2, adx, fma

Memory: 4k page, system-wide physical 3949M (316M free)
TotalPageFile size 16237M (AvailPageFile size 3M)
current process WorkingSet (physical memory assigned to process): 68M, peak: 71M
current process commit charge ("private bytes"): 160M, peak: 163M

vm_info: Java HotSpot(TM) 64-Bit Server VM (14.0.1+7) for windows-amd64 JRE (14.0.1+7), built on Mar  5 2020 10:30:14 by "mach5one" with MS VC++ 15.9 (VS2017)

END.
