#
# There is insufficient memory for the Java Runtime Environment to continue.
# Native memory allocation (malloc) failed to allocate 1048576 bytes for AllocateHeap
# Possible reasons:
#   The system is out of physical RAM or swap space
#   The process is running with CompressedOops enabled, and the Java Heap may be blocking the growth of the native heap
# Possible solutions:
#   Reduce memory load on the system
#   Increase physical memory or swap space
#   Check if swap backing store is full
#   Decrease Java heap size (-Xmx/-Xms)
#   Decrease number of Java threads
#   Decrease Java thread stack sizes (-Xss)
#   Set larger code cache with -XX:ReservedCodeCacheSize=
#   JVM is running with Unscaled Compressed Oops mode in which the Java heap is
#     placed in the first 4GB address space. The Java Heap base address is the
#     maximum limit for the native heap growth. Please use -XX:HeapBaseMinAddress
#     to set the Java Heap base and to place the Java Heap above 4GB virtual address.
# This output file may be truncated or incomplete.
#
#  Out of Memory Error (t:/workspace/open/src/hotspot/share/memory/allocation.cpp:45), pid=22824, tid=12752
#
# JRE version: Java(TM) SE Runtime Environment (13.0.1+9) (build 13.0.1+9)
# Java VM: Java HotSpot(TM) 64-Bit Server VM (13.0.1+9, mixed mode, sharing, tiered, compressed oops, g1 gc, windows-amd64)
# No core dump will be written. Minidumps are not enabled by default on client versions of Windows
#

---------------  S U M M A R Y ------------

Command Line: -Dfile.encoding=UTF-8 --module-path=C:\Users\MyPC\Desktop\Bai_Tap_Lon_LTHSKCNJAVa\Nhom_DeTaiQuanLyMuaBanLinhKien\sqljdbc4.jar MatHang.FormHang

Host: Intel(R) Core(TM) i7-5500U CPU @ 2.40GHz, 4 cores, 7G,  Windows 10 , 64 bit Build 18362 (10.0.18362.900)
Time: Tue Jun 30 03:24:18 2020 SE Asia Standard Time elapsed time: 6 seconds (0d 0h 0m 6s)

---------------  T H R E A D  ---------------

Current thread (0x00000276fb419000):  VMThread "VM Thread" [stack: 0x000000e491e00000,0x000000e491f00000] [id=12752]

Stack: [0x000000e491e00000,0x000000e491f00000]
[error occurred during error reporting (printing stack bounds), id 0xc0000005, EXCEPTION_ACCESS_VIOLATION (0xc0000005) at pc=0x00000276800010ad]

Native frames: (J=compiled Java code, j=interpreted, Vv=VM code, C=native code)
V  [jvm.dll+0x626eca]
V  [jvm.dll+0x772c6a]
V  [jvm.dll+0x77441f]
V  [jvm.dll+0x774985]
V  [jvm.dll+0x77493b]
V  [jvm.dll+0x6266ff]
C  [ntdll.dll+0x785b6]
C  [ntdll.dll+0x6a056]
C  [ntdll.dll+0x9fe3e]
C  0x00000276800010ad

VM_Operation (0x000000e4918fd180): CollectForMetadataAllocation, mode: safepoint, requested by thread 0x00000276ebdcc800


---------------  P R O C E S S  ---------------

Threads class SMR info:
_java_thread_list=0x00000276fc5417a0, length=14, elements={
0x00000276ebdcc800, 0x00000276fb41c000, 0x00000276fb41f800, 0x00000276fb43a000,
0x00000276fb43d000, 0x00000276fb43e000, 0x00000276fb443800, 0x00000276fb476800,
0x00000276fb401000, 0x00000276fc0a1800, 0x00000276fc1d1000, 0x00000276fc2cc000,
0x00000276fc2cb000, 0x00000276fc3ff800
}

Java Threads: ( => current thread )
  0x00000276ebdcc800 JavaThread "main" [_thread_blocked, id=22736, stack(0x000000e491800000,0x000000e491900000)]
  0x00000276fb41c000 JavaThread "Reference Handler" daemon [_thread_blocked, id=23516, stack(0x000000e491f00000,0x000000e492000000)]
  0x00000276fb41f800 JavaThread "Finalizer" daemon [_thread_blocked, id=23428, stack(0x000000e492000000,0x000000e492100000)]
  0x00000276fb43a000 JavaThread "Signal Dispatcher" daemon [_thread_blocked, id=15724, stack(0x000000e492100000,0x000000e492200000)]
  0x00000276fb43d000 JavaThread "Attach Listener" daemon [_thread_blocked, id=6408, stack(0x000000e492200000,0x000000e492300000)]
  0x00000276fb43e000 JavaThread "C2 CompilerThread0" daemon [_thread_blocked, id=1896, stack(0x000000e492300000,0x000000e492400000)]
  0x00000276fb443800 JavaThread "C1 CompilerThread0" daemon [_thread_blocked, id=17964, stack(0x000000e492400000,0x000000e492500000)]
  0x00000276fb476800 JavaThread "Sweeper thread" daemon [_thread_blocked, id=4092, stack(0x000000e492500000,0x000000e492600000)]
  0x00000276fb401000 JavaThread "Common-Cleaner" daemon [_thread_blocked, id=9984, stack(0x000000e492600000,0x000000e492700000)]
  0x00000276fc0a1800 JavaThread "Service Thread" daemon [_thread_blocked, id=19800, stack(0x000000e492800000,0x000000e492900000)]
  0x00000276fc1d1000 JavaThread "Java2D Disposer" daemon [_thread_blocked, id=20428, stack(0x000000e492a00000,0x000000e492b00000)]
  0x00000276fc2cc000 JavaThread "AWT-Windows" daemon [_thread_in_native, id=20932, stack(0x000000e492c00000,0x000000e492d00000)]
  0x00000276fc2cb000 JavaThread "AWT-Shutdown" [_thread_blocked, id=23476, stack(0x000000e492700000,0x000000e492800000)]
  0x00000276fc3ff800 JavaThread "AWT-EventQueue-0" [_thread_blocked, id=17932, stack(0x000000e492b00000,0x000000e492c00000)]

Other Threads:
=>0x00000276fb419000 VMThread "VM Thread" [stack: 0x000000e491e00000,0x000000e491f00000] [id=12752]
  0x00000276fc0c5000 WatcherThread [stack: 0x000000e492900000,0x000000e492a00000] [id=14924]
  0x00000276ebe14000 GCTaskThread "GC Thread#0" [stack: 0x000000e491900000,0x000000e491a00000] [id=22536]
  0x00000276fc635000 GCTaskThread "GC Thread#1" [stack: 0x000000e492f00000,0x000000e493000000] [id=19148]
  0x00000276fc4e2000 GCTaskThread "GC Thread#2" [stack: 0x000000e493000000,0x000000e493100000] [id=22716]
  0x00000276fc509000 GCTaskThread "GC Thread#3" [stack: 0x000000e493100000,0x000000e493200000] [id=22808]
  0x00000276ebe26000 ConcurrentGCThread "G1 Main Marker" [stack: 0x000000e491a00000,0x000000e491b00000] [id=22568]
  0x00000276ebe27000 ConcurrentGCThread "G1 Conc#0" [stack: 0x000000e491b00000,0x000000e491c00000] [id=15880]
  0x00000276ebe93000 ConcurrentGCThread "G1 Refine#0" [stack: 0x000000e491c00000,0x000000e491d00000] [id=11584]
  0x00000276ebe94000 ConcurrentGCThread "G1 Young RemSet Sampling" [stack: 0x000000e491d00000,0x000000e491e00000] [id=6740]

Threads with active compile tasks:

VM state:at safepoint (normal execution)

VM Mutex/Monitor currently owned by a thread:  ([mutex/lock_event])
[0x00000276ebdc8f70] Threads_lock - owner thread: 0x00000276fb419000
[0x00000276ebdc9c60] Heap_lock - owner thread: 0x00000276ebdcc800

Heap address: 0x0000000081400000, size: 2028 MB, Compressed Oops mode: 32-bit
Narrow klass base: 0x0000000800000000, Narrow klass shift: 3
Compressed class space size: 1073741824 Address: 0x0000000800b40000

Heap:
 garbage-first heap   total 131072K, used 4176K [0x0000000081400000, 0x0000000100000000)
  region size 1024K, 2 young (2048K), 2 survivors (2048K)
 Metaspace       used 14274K, capacity 14634K, committed 14720K, reserved 1075200K
  class space    used 1682K, capacity 1873K, committed 1920K, reserved 1048576K
Heap Regions: E=young(eden), S=young(survivor), O=old, HS=humongous(starts), HC=humongous(continues), CS=collection set, F=free, A=archive, TAMS=top-at-mark-start (previous, next)
|   0|0x0000000081400000, 0x0000000081500000, 0x0000000081500000|100%| O|  |TAMS 0x0000000081400000, 0x00000000814e7e00| Untracked 
|   1|0x0000000081500000, 0x0000000081600000, 0x0000000081600000|100%| O|  |TAMS 0x0000000081500000, 0x0000000081500000| Untracked 
|   2|0x0000000081600000, 0x00000000816fc000, 0x0000000081700000| 98%| O|  |TAMS 0x0000000081600000, 0x0000000081600000| Untracked 
|   3|0x0000000081700000, 0x0000000081700000, 0x0000000081800000|  0%| F|  |TAMS 0x0000000081700000, 0x0000000081700000| Untracked 
|   4|0x0000000081800000, 0x0000000081800000, 0x0000000081900000|  0%| F|  |TAMS 0x0000000081800000, 0x0000000081800000| Untracked 
|   5|0x0000000081900000, 0x0000000081900000, 0x0000000081a00000|  0%| F|  |TAMS 0x0000000081900000, 0x0000000081900000| Untracked 
|   6|0x0000000081a00000, 0x0000000081a00000, 0x0000000081b00000|  0%| F|  |TAMS 0x0000000081a00000, 0x0000000081a00000| Untracked 
|   7|0x0000000081b00000, 0x0000000081b00000, 0x0000000081c00000|  0%| F|  |TAMS 0x0000000081b00000, 0x0000000081b00000| Untracked 
|   8|0x0000000081c00000, 0x0000000081c00000, 0x0000000081d00000|  0%| F|  |TAMS 0x0000000081c00000, 0x0000000081c00000| Untracked 
|   9|0x0000000081d00000, 0x0000000081d00000, 0x0000000081e00000|  0%| F|  |TAMS 0x0000000081d00000, 0x0000000081d00000| Untracked 
|  10|0x0000000081e00000, 0x0000000081e00000, 0x0000000081f00000|  0%| F|  |TAMS 0x0000000081e00000, 0x0000000081e00000| Untracked 
|  11|0x0000000081f00000, 0x0000000081f00000, 0x0000000082000000|  0%| F|  |TAMS 0x0000000081f00000, 0x0000000081f00000| Untracked 
|  12|0x0000000082000000, 0x0000000082000000, 0x0000000082100000|  0%| F|  |TAMS 0x0000000082000000, 0x0000000082000000| Untracked 
|  13|0x0000000082100000, 0x0000000082100000, 0x0000000082200000|  0%| F|  |TAMS 0x0000000082100000, 0x0000000082100000| Untracked 
|  14|0x0000000082200000, 0x0000000082200000, 0x0000000082300000|  0%| F|  |TAMS 0x0000000082200000, 0x0000000082200000| Untracked 
|  15|0x0000000082300000, 0x0000000082300000, 0x0000000082400000|  0%| F|  |TAMS 0x0000000082300000, 0x0000000082300000| Untracked 
|  16|0x0000000082400000, 0x0000000082400000, 0x0000000082500000|  0%| F|  |TAMS 0x0000000082400000, 0x0000000082400000| Untracked 
|  17|0x0000000082500000, 0x0000000082500000, 0x0000000082600000|  0%| F|  |TAMS 0x0000000082500000, 0x0000000082500000| Untracked 
|  18|0x0000000082600000, 0x0000000082600000, 0x0000000082700000|  0%| F|  |TAMS 0x0000000082600000, 0x0000000082600000| Untracked 
|  19|0x0000000082700000, 0x0000000082700000, 0x0000000082800000|  0%| F|  |TAMS 0x0000000082700000, 0x0000000082700000| Untracked 
|  20|0x0000000082800000, 0x0000000082800000, 0x0000000082900000|  0%| F|  |TAMS 0x0000000082800000, 0x0000000082800000| Untracked 
|  21|0x0000000082900000, 0x0000000082900000, 0x0000000082a00000|  0%| F|  |TAMS 0x0000000082900000, 0x0000000082900000| Untracked 
|  22|0x0000000082a00000, 0x0000000082a00000, 0x0000000082b00000|  0%| F|  |TAMS 0x0000000082a00000, 0x0000000082a00000| Untracked 
|  23|0x0000000082b00000, 0x0000000082b00000, 0x0000000082c00000|  0%| F|  |TAMS 0x0000000082b00000, 0x0000000082b00000| Untracked 
|  24|0x0000000082c00000, 0x0000000082c00000, 0x0000000082d00000|  0%| F|  |TAMS 0x0000000082c00000, 0x0000000082c00000| Untracked 
|  25|0x0000000082d00000, 0x0000000082d00000, 0x0000000082e00000|  0%| F|  |TAMS 0x0000000082d00000, 0x0000000082d00000| Untracked 
|  26|0x0000000082e00000, 0x0000000082e00000, 0x0000000082f00000|  0%| F|  |TAMS 0x0000000082e00000, 0x0000000082e00000| Untracked 
|  27|0x0000000082f00000, 0x0000000082f00000, 0x0000000083000000|  0%| F|  |TAMS 0x0000000082f00000, 0x0000000082f00000| Untracked 
|  28|0x0000000083000000, 0x0000000083000000, 0x0000000083100000|  0%| F|  |TAMS 0x0000000083000000, 0x0000000083000000| Untracked 
|  29|0x0000000083100000, 0x0000000083100000, 0x0000000083200000|  0%| F|  |TAMS 0x0000000083100000, 0x0000000083100000| Untracked 
|  30|0x0000000083200000, 0x0000000083200000, 0x0000000083300000|  0%| F|  |TAMS 0x0000000083200000, 0x0000000083200000| Untracked 
|  31|0x0000000083300000, 0x0000000083300000, 0x0000000083400000|  0%| F|  |TAMS 0x0000000083300000, 0x0000000083300000| Untracked 
|  32|0x0000000083400000, 0x0000000083400000, 0x0000000083500000|  0%| F|  |TAMS 0x0000000083400000, 0x0000000083400000| Untracked 
|  33|0x0000000083500000, 0x0000000083500000, 0x0000000083600000|  0%| F|  |TAMS 0x0000000083500000, 0x0000000083500000| Untracked 
|  34|0x0000000083600000, 0x0000000083600000, 0x0000000083700000|  0%| F|  |TAMS 0x0000000083600000, 0x0000000083600000| Untracked 
|  35|0x0000000083700000, 0x0000000083700000, 0x0000000083800000|  0%| F|  |TAMS 0x0000000083700000, 0x0000000083700000| Untracked 
|  36|0x0000000083800000, 0x0000000083800000, 0x0000000083900000|  0%| F|  |TAMS 0x0000000083800000, 0x0000000083800000| Untracked 
|  37|0x0000000083900000, 0x0000000083900000, 0x0000000083a00000|  0%| F|  |TAMS 0x0000000083900000, 0x0000000083900000| Untracked 
|  38|0x0000000083a00000, 0x0000000083a00000, 0x0000000083b00000|  0%| F|  |TAMS 0x0000000083a00000, 0x0000000083a00000| Untracked 
|  39|0x0000000083b00000, 0x0000000083b00000, 0x0000000083c00000|  0%| F|  |TAMS 0x0000000083b00000, 0x0000000083b00000| Untracked 
|  40|0x0000000083c00000, 0x0000000083c00000, 0x0000000083d00000|  0%| F|  |TAMS 0x0000000083c00000, 0x0000000083c00000| Untracked 
|  41|0x0000000083d00000, 0x0000000083d00000, 0x0000000083e00000|  0%| F|  |TAMS 0x0000000083d00000, 0x0000000083d00000| Untracked 
|  42|0x0000000083e00000, 0x0000000083e00000, 0x0000000083f00000|  0%| F|  |TAMS 0x0000000083e00000, 0x0000000083e00000| Untracked 
|  43|0x0000000083f00000, 0x0000000083f00000, 0x0000000084000000|  0%| F|  |TAMS 0x0000000083f00000, 0x0000000083f00000| Untracked 
|  44|0x0000000084000000, 0x0000000084000000, 0x0000000084100000|  0%| F|  |TAMS 0x0000000084000000, 0x0000000084000000| Untracked 
|  45|0x0000000084100000, 0x0000000084100000, 0x0000000084200000|  0%| F|  |TAMS 0x0000000084100000, 0x0000000084100000| Untracked 
|  46|0x0000000084200000, 0x0000000084200000, 0x0000000084300000|  0%| F|  |TAMS 0x0000000084200000, 0x0000000084200000| Untracked 
|  47|0x0000000084300000, 0x0000000084300000, 0x0000000084400000|  0%| F|  |TAMS 0x0000000084300000, 0x0000000084300000| Untracked 
|  48|0x0000000084400000, 0x0000000084400000, 0x0000000084500000|  0%| F|  |TAMS 0x0000000084400000, 0x0000000084400000| Untracked 
|  49|0x0000000084500000, 0x0000000084500000, 0x0000000084600000|  0%| F|  |TAMS 0x0000000084500000, 0x0000000084500000| Untracked 
|  50|0x0000000084600000, 0x0000000084600000, 0x0000000084700000|  0%| F|  |TAMS 0x0000000084600000, 0x0000000084600000| Untracked 
|  51|0x0000000084700000, 0x0000000084700000, 0x0000000084800000|  0%| F|  |TAMS 0x0000000084700000, 0x0000000084700000| Untracked 
|  52|0x0000000084800000, 0x0000000084800000, 0x0000000084900000|  0%| F|  |TAMS 0x0000000084800000, 0x0000000084800000| Untracked 
|  53|0x0000000084900000, 0x0000000084900000, 0x0000000084a00000|  0%| F|  |TAMS 0x0000000084900000, 0x0000000084900000| Untracked 
|  54|0x0000000084a00000, 0x0000000084a00000, 0x0000000084b00000|  0%| F|  |TAMS 0x0000000084a00000, 0x0000000084a00000| Untracked 
|  55|0x0000000084b00000, 0x0000000084b00000, 0x0000000084c00000|  0%| F|  |TAMS 0x0000000084b00000, 0x0000000084b00000| Untracked 
|  56|0x0000000084c00000, 0x0000000084c00000, 0x0000000084d00000|  0%| F|  |TAMS 0x0000000084c00000, 0x0000000084c00000| Untracked 
|  57|0x0000000084d00000, 0x0000000084d00000, 0x0000000084e00000|  0%| F|  |TAMS 0x0000000084d00000, 0x0000000084d00000| Untracked 
|  58|0x0000000084e00000, 0x0000000084e00000, 0x0000000084f00000|  0%| F|  |TAMS 0x0000000084e00000, 0x0000000084e00000| Untracked 
|  59|0x0000000084f00000, 0x0000000084f00000, 0x0000000085000000|  0%| F|  |TAMS 0x0000000084f00000, 0x0000000084f00000| Untracked 
|  60|0x0000000085000000, 0x0000000085000000, 0x0000000085100000|  0%| F|  |TAMS 0x0000000085000000, 0x0000000085000000| Untracked 
|  61|0x0000000085100000, 0x0000000085100000, 0x0000000085200000|  0%| F|  |TAMS 0x0000000085100000, 0x0000000085100000| Untracked 
|  62|0x0000000085200000, 0x0000000085200000, 0x0000000085300000|  0%| F|  |TAMS 0x0000000085200000, 0x0000000085200000| Untracked 
|  63|0x0000000085300000, 0x0000000085300000, 0x0000000085400000|  0%| F|  |TAMS 0x0000000085300000, 0x0000000085300000| Untracked 
|  64|0x0000000085400000, 0x0000000085400000, 0x0000000085500000|  0%| F|  |TAMS 0x0000000085400000, 0x0000000085400000| Untracked 
|  65|0x0000000085500000, 0x0000000085500000, 0x0000000085600000|  0%| F|  |TAMS 0x0000000085500000, 0x0000000085500000| Untracked 
|  66|0x0000000085600000, 0x0000000085600000, 0x0000000085700000|  0%| F|  |TAMS 0x0000000085600000, 0x0000000085600000| Untracked 
|  67|0x0000000085700000, 0x0000000085700000, 0x0000000085800000|  0%| F|  |TAMS 0x0000000085700000, 0x0000000085700000| Untracked 
|  68|0x0000000085800000, 0x0000000085800000, 0x0000000085900000|  0%| F|  |TAMS 0x0000000085800000, 0x0000000085800000| Untracked 
|  69|0x0000000085900000, 0x0000000085900000, 0x0000000085a00000|  0%| F|  |TAMS 0x0000000085900000, 0x0000000085900000| Untracked 
|  70|0x0000000085a00000, 0x0000000085a00000, 0x0000000085b00000|  0%| F|  |TAMS 0x0000000085a00000, 0x0000000085a00000| Untracked 
|  71|0x0000000085b00000, 0x0000000085b00000, 0x0000000085c00000|  0%| F|  |TAMS 0x0000000085b00000, 0x0000000085b00000| Untracked 
|  72|0x0000000085c00000, 0x0000000085c00000, 0x0000000085d00000|  0%| F|  |TAMS 0x0000000085c00000, 0x0000000085c00000| Untracked 
|  73|0x0000000085d00000, 0x0000000085d00000, 0x0000000085e00000|  0%| F|  |TAMS 0x0000000085d00000, 0x0000000085d00000| Untracked 
|  74|0x0000000085e00000, 0x0000000085e00000, 0x0000000085f00000|  0%| F|  |TAMS 0x0000000085e00000, 0x0000000085e00000| Untracked 
|  75|0x0000000085f00000, 0x0000000085f00000, 0x0000000086000000|  0%| F|  |TAMS 0x0000000085f00000, 0x0000000085f00000| Untracked 
|  76|0x0000000086000000, 0x0000000086000000, 0x0000000086100000|  0%| F|  |TAMS 0x0000000086000000, 0x0000000086000000| Untracked 
|  77|0x0000000086100000, 0x0000000086100000, 0x0000000086200000|  0%| F|  |TAMS 0x0000000086100000, 0x0000000086100000| Untracked 
|  78|0x0000000086200000, 0x0000000086200000, 0x0000000086300000|  0%| F|  |TAMS 0x0000000086200000, 0x0000000086200000| Untracked 
|  79|0x0000000086300000, 0x0000000086300000, 0x0000000086400000|  0%| F|  |TAMS 0x0000000086300000, 0x0000000086300000| Untracked 
|  80|0x0000000086400000, 0x0000000086400000, 0x0000000086500000|  0%| F|  |TAMS 0x0000000086400000, 0x0000000086400000| Untracked 
|  81|0x0000000086500000, 0x0000000086500000, 0x0000000086600000|  0%| F|  |TAMS 0x0000000086500000, 0x0000000086500000| Untracked 
|  82|0x0000000086600000, 0x0000000086600000, 0x0000000086700000|  0%| F|  |TAMS 0x0000000086600000, 0x0000000086600000| Untracked 
|  83|0x0000000086700000, 0x0000000086700000, 0x0000000086800000|  0%| F|  |TAMS 0x0000000086700000, 0x0000000086700000| Untracked 
|  84|0x0000000086800000, 0x0000000086800000, 0x0000000086900000|  0%| F|  |TAMS 0x0000000086800000, 0x0000000086800000| Untracked 
|  85|0x0000000086900000, 0x0000000086900000, 0x0000000086a00000|  0%| F|  |TAMS 0x0000000086900000, 0x0000000086900000| Untracked 
|  86|0x0000000086a00000, 0x0000000086a00000, 0x0000000086b00000|  0%| F|  |TAMS 0x0000000086a00000, 0x0000000086a00000| Untracked 
|  87|0x0000000086b00000, 0x0000000086b00000, 0x0000000086c00000|  0%| F|  |TAMS 0x0000000086b00000, 0x0000000086b00000| Untracked 
|  88|0x0000000086c00000, 0x0000000086c00000, 0x0000000086d00000|  0%| F|  |TAMS 0x0000000086c00000, 0x0000000086c00000| Untracked 
|  89|0x0000000086d00000, 0x0000000086d00000, 0x0000000086e00000|  0%| F|  |TAMS 0x0000000086d00000, 0x0000000086d00000| Untracked 
|  90|0x0000000086e00000, 0x0000000086e00000, 0x0000000086f00000|  0%| F|  |TAMS 0x0000000086e00000, 0x0000000086e00000| Untracked 
|  91|0x0000000086f00000, 0x0000000086f00000, 0x0000000087000000|  0%| F|  |TAMS 0x0000000086f00000, 0x0000000086f00000| Untracked 
|  92|0x0000000087000000, 0x0000000087000000, 0x0000000087100000|  0%| F|  |TAMS 0x0000000087000000, 0x0000000087000000| Untracked 
|  93|0x0000000087100000, 0x0000000087100000, 0x0000000087200000|  0%| F|  |TAMS 0x0000000087100000, 0x0000000087100000| Untracked 
|  94|0x0000000087200000, 0x0000000087200000, 0x0000000087300000|  0%| F|  |TAMS 0x0000000087200000, 0x0000000087200000| Untracked 
|  95|0x0000000087300000, 0x0000000087300000, 0x0000000087400000|  0%| F|  |TAMS 0x0000000087300000, 0x0000000087300000| Untracked 
|  96|0x0000000087400000, 0x0000000087400000, 0x0000000087500000|  0%| F|  |TAMS 0x0000000087400000, 0x0000000087400000| Untracked 
|  97|0x0000000087500000, 0x0000000087500000, 0x0000000087600000|  0%| F|  |TAMS 0x0000000087500000, 0x0000000087500000| Untracked 
|  98|0x0000000087600000, 0x0000000087600000, 0x0000000087700000|  0%| F|  |TAMS 0x0000000087600000, 0x0000000087600000| Untracked 
|  99|0x0000000087700000, 0x0000000087700000, 0x0000000087800000|  0%| F|  |TAMS 0x0000000087700000, 0x0000000087700000| Untracked 
| 100|0x0000000087800000, 0x0000000087800000, 0x0000000087900000|  0%| F|  |TAMS 0x0000000087800000, 0x0000000087800000| Untracked 
| 101|0x0000000087900000, 0x0000000087900000, 0x0000000087a00000|  0%| F|  |TAMS 0x0000000087900000, 0x0000000087900000| Untracked 
| 102|0x0000000087a00000, 0x0000000087a00000, 0x0000000087b00000|  0%| F|  |TAMS 0x0000000087a00000, 0x0000000087a00000| Untracked 
| 103|0x0000000087b00000, 0x0000000087b00000, 0x0000000087c00000|  0%| F|  |TAMS 0x0000000087b00000, 0x0000000087b00000| Untracked 
| 104|0x0000000087c00000, 0x0000000087c00000, 0x0000000087d00000|  0%| F|  |TAMS 0x0000000087c00000, 0x0000000087c00000| Untracked 
| 105|0x0000000087d00000, 0x0000000087d00000, 0x0000000087e00000|  0%| F|  |TAMS 0x0000000087d00000, 0x0000000087d00000| Untracked 
| 106|0x0000000087e00000, 0x0000000087e00000, 0x0000000087f00000|  0%| F|  |TAMS 0x0000000087e00000, 0x0000000087e00000| Untracked 
| 107|0x0000000087f00000, 0x0000000087f00000, 0x0000000088000000|  0%| F|  |TAMS 0x0000000087f00000, 0x0000000087f00000| Untracked 
| 108|0x0000000088000000, 0x0000000088000000, 0x0000000088100000|  0%| F|  |TAMS 0x0000000088000000, 0x0000000088000000| Untracked 
| 109|0x0000000088100000, 0x0000000088100000, 0x0000000088200000|  0%| F|  |TAMS 0x0000000088100000, 0x0000000088100000| Untracked 
| 110|0x0000000088200000, 0x0000000088200000, 0x0000000088300000|  0%| F|  |TAMS 0x0000000088200000, 0x0000000088200000| Untracked 
| 111|0x0000000088300000, 0x0000000088300000, 0x0000000088400000|  0%| F|  |TAMS 0x0000000088300000, 0x0000000088300000| Untracked 
| 112|0x0000000088400000, 0x0000000088400000, 0x0000000088500000|  0%| F|  |TAMS 0x0000000088400000, 0x0000000088400000| Untracked 
| 113|0x0000000088500000, 0x0000000088500000, 0x0000000088600000|  0%| F|  |TAMS 0x0000000088500000, 0x0000000088500000| Untracked 
| 114|0x0000000088600000, 0x0000000088600000, 0x0000000088700000|  0%| F|  |TAMS 0x0000000088600000, 0x0000000088600000| Untracked 
| 115|0x0000000088700000, 0x0000000088700000, 0x0000000088800000|  0%| F|  |TAMS 0x0000000088700000, 0x0000000088700000| Untracked 
| 116|0x0000000088800000, 0x0000000088800000, 0x0000000088900000|  0%| F|  |TAMS 0x0000000088800000, 0x0000000088800000| Untracked 
| 117|0x0000000088900000, 0x0000000088900000, 0x0000000088a00000|  0%| F|  |TAMS 0x0000000088900000, 0x0000000088900000| Untracked 
| 118|0x0000000088a00000, 0x0000000088a00000, 0x0000000088b00000|  0%| F|  |TAMS 0x0000000088a00000, 0x0000000088a00000| Untracked 
| 119|0x0000000088b00000, 0x0000000088b00000, 0x0000000088c00000|  0%| F|  |TAMS 0x0000000088b00000, 0x0000000088b00000| Untracked 
| 120|0x0000000088c00000, 0x0000000088c00000, 0x0000000088d00000|  0%| F|  |TAMS 0x0000000088c00000, 0x0000000088c00000| Untracked 
| 121|0x0000000088d00000, 0x0000000088d00000, 0x0000000088e00000|  0%| F|  |TAMS 0x0000000088d00000, 0x0000000088d00000| Untracked 
| 122|0x0000000088e00000, 0x0000000088e182e8, 0x0000000088f00000|  9%| S|CS|TAMS 0x0000000088e00000, 0x0000000088e00000| Complete 
| 123|0x0000000088f00000, 0x0000000089000000, 0x0000000089000000|100%| S|CS|TAMS 0x0000000088f00000, 0x0000000088f00000| Complete 
| 124|0x0000000089000000, 0x0000000089000000, 0x0000000089100000|  0%| F|  |TAMS 0x0000000089000000, 0x0000000089000000| Untracked 
| 125|0x0000000089100000, 0x0000000089100000, 0x0000000089200000|  0%| F|  |TAMS 0x0000000089100000, 0x0000000089100000| Untracked 
| 126|0x0000000089200000, 0x0000000089200000, 0x0000000089300000|  0%| F|  |TAMS 0x0000000089200000, 0x0000000089200000| Untracked 
| 127|0x0000000089300000, 0x0000000089300000, 0x0000000089400000|  0%| F|  |TAMS 0x0000000089300000, 0x0000000089300000| Untracked 

Card table byte_map: [0x00000276f46d0000,0x00000276f4ad0000] _byte_map_base: 0x00000276f42c6000

Marking Bits (Prev, Next): (CMBitMap*) 0x00000276ebe14978, (CMBitMap*) 0x00000276ebe149b8
 Prev Bits: [0x00000276f4ed0000, 0x00000276f6e80000)
 Next Bits: [0x00000276f6e80000, 0x00000276f8e30000)

Polling page: 0x00000276e9c90000

Metaspace:

Usage:
  Non-class:     12.46 MB capacity,    12.30 MB ( 99%) used,   133.41 KB (  1%) free+waste,    35.75 KB ( <1%) overhead. 
      Class:      1.83 MB capacity,     1.64 MB ( 90%) used,   169.27 KB (  9%) free+waste,    20.88 KB (  1%) overhead. 
       Both:     14.29 MB capacity,    13.94 MB ( 98%) used,   302.69 KB (  2%) free+waste,    56.63 KB ( <1%) overhead. 

Virtual space:
  Non-class space:       26.00 MB reserved,      12.50 MB ( 48%) committed 
      Class space:        1.00 GB reserved,       1.88 MB ( <1%) committed 
             Both:        1.03 GB reserved,      14.38 MB (  1%) committed 

Chunk freelists:
   Non-Class:  39.00 KB
       Class:  15.00 KB
        Both:  54.00 KB

MaxMetaspaceSize: 17179869184.00 GB
CompressedClassSpaceSize: 1.00 GB

CodeHeap 'non-profiled nmethods': size=120064Kb used=443Kb max_used=443Kb free=119620Kb
 bounds [0x0000027687ac0000, 0x0000027687d30000, 0x000002768f000000]
CodeHeap 'profiled nmethods': size=120000Kb used=2470Kb max_used=2470Kb free=117530Kb
 bounds [0x0000027680590000, 0x0000027680800000, 0x0000027687ac0000]
CodeHeap 'non-nmethods': size=5696Kb used=1307Kb max_used=1318Kb free=4388Kb
 bounds [0x0000027680000000, 0x0000027680270000, 0x0000027680590000]
 total_blobs=2486 nmethods=1349 adapters=499
 compilation: enabled
              stopped_count=0, restarted_count=0
 full_count=0

Compilation events (20 events):
Event: 6.486 Thread 0x00000276fb443800 1340   !   3       java.awt.Container::getComponent (29 bytes)
Event: 6.486 Thread 0x00000276fb443800 nmethod 1340 0x00000276807f4510 code [0x00000276807f4700, 0x00000276807f4b70]
Event: 6.486 Thread 0x00000276fb443800 1342       3       java.security.AccessControlContext::combine (205 bytes)
Event: 6.487 Thread 0x00000276fb443800 nmethod 1342 0x00000276807f4d10 code [0x00000276807f4f40, 0x00000276807f5b00]
Event: 6.487 Thread 0x00000276fb443800 1343       3       java.util.ArrayList::indexOf (11 bytes)
Event: 6.487 Thread 0x00000276fb443800 nmethod 1343 0x00000276807f5e10 code [0x00000276807f5fc0, 0x00000276807f6190]
Event: 6.487 Thread 0x00000276fb443800 1341       3       java.awt.Component::getToolkitImpl (18 bytes)
Event: 6.487 Thread 0x00000276fb443800 nmethod 1341 0x00000276807f6210 code [0x00000276807f63e0, 0x00000276807f66f0]
Event: 6.488 Thread 0x00000276fb443800 1344       3       java.lang.invoke.MethodType::dropParameterTypes (162 bytes)
Event: 6.489 Thread 0x00000276fb443800 nmethod 1344 0x00000276807f6810 code [0x00000276807f6b40, 0x00000276807f7dd0]
Event: 6.489 Thread 0x00000276fb443800 1346       3       java.lang.invoke.BoundMethodHandle$Species_L::<init> (12 bytes)
Event: 6.489 Thread 0x00000276fb443800 nmethod 1346 0x00000276807f8390 code [0x00000276807f8540, 0x00000276807f87d0]
Event: 6.489 Thread 0x00000276fb443800 1348       3       java.awt.Component::getParent (5 bytes)
Event: 6.489 Thread 0x00000276fb443800 nmethod 1348 0x00000276807f8910 code [0x00000276807f8ac0, 0x00000276807f8c58]
Event: 6.489 Thread 0x00000276fb443800 1347       3       java.awt.Component::getFont_NoClientCode (29 bytes)
Event: 6.490 Thread 0x00000276fb443800 nmethod 1347 0x00000276807f8d10 code [0x00000276807f8ee0, 0x00000276807f9250]
Event: 6.490 Thread 0x00000276fb443800 1345       3       java.util.Arrays::copyOfRange (11 bytes)
Event: 6.490 Thread 0x00000276fb443800 nmethod 1345 0x00000276807f9390 code [0x00000276807f9540, 0x00000276807f96f0]
Event: 6.490 Thread 0x00000276fb443800 1349       1       java.util.EventObject::getSource (5 bytes)
Event: 6.490 Thread 0x00000276fb443800 nmethod 1349 0x0000027687b2e910 code [0x0000027687b2eaa0, 0x0000027687b2ebd8]

GC Heap History (4 events):
Event: 1.127 GC heap before
{Heap before GC invocations=0 (full 0):
 garbage-first heap   total 131072K, used 14336K [0x0000000081400000, 0x0000000100000000)
  region size 1024K, 14 young (14336K), 0 survivors (0K)
 Metaspace       used 11852K, capacity 12202K, committed 12288K, reserved 1060864K
  class space    used 1359K, capacity 1529K, committed 1536K, reserved 1048576K
}
Event: 1.133 GC heap after
{Heap after GC invocations=1 (full 0):
 garbage-first heap   total 131072K, used 2975K [0x0000000081400000, 0x0000000100000000)
  region size 1024K, 2 young (2048K), 2 survivors (2048K)
 Metaspace       used 11852K, capacity 12202K, committed 12288K, reserved 1060864K
  class space    used 1359K, capacity 1529K, committed 1536K, reserved 1048576K
}
Event: 6.495 GC heap before
{Heap before GC invocations=1 (full 0):
 garbage-first heap   total 131072K, used 6047K [0x0000000081400000, 0x0000000100000000)
  region size 1024K, 6 young (6144K), 2 survivors (2048K)
 Metaspace       used 14274K, capacity 14634K, committed 14720K, reserved 1073152K
  class space    used 1682K, capacity 1873K, committed 1920K, reserved 1048576K
}
Event: 6.503 GC heap after
{Heap after GC invocations=2 (full 0):
 garbage-first heap   total 131072K, used 4176K [0x0000000081400000, 0x0000000100000000)
  region size 1024K, 2 young (2048K), 2 survivors (2048K)
 Metaspace       used 14274K, capacity 14634K, committed 14720K, reserved 1073152K
  class space    used 1682K, capacity 1873K, committed 1920K, reserved 1048576K
}

Deoptimization events (20 events):
Event: 6.367 Thread 0x00000276ebdcc800 Uncommon trap: trap_request=0xffffff45 fr.pc=0x0000027687b21348 relative=0x0000000000000128
Event: 6.367 Thread 0x00000276ebdcc800 Uncommon trap: reason=unstable_if action=reinterpret pc=0x0000027687b21348 method=java.util.regex.Pattern$Branch.match(Ljava/util/regex/Matcher;ILjava/lang/CharSequence;)Z @ 19 c2
Event: 6.367 Thread 0x00000276ebdcc800 DEOPT PACKING pc=0x0000027687b21348 sp=0x000000e4918fdf00
Event: 6.367 Thread 0x00000276ebdcc800 DEOPT UNPACKING pc=0x000002768004912f sp=0x000000e4918fdeb8 mode 2
Event: 6.368 Thread 0x00000276ebdcc800 Uncommon trap: trap_request=0xffffffde fr.pc=0x0000027687b22b30 relative=0x00000000000003d0
Event: 6.368 Thread 0x00000276ebdcc800 Uncommon trap: reason=class_check action=maybe_recompile pc=0x0000027687b22b30 method=java.util.regex.Pattern$Start.match(Ljava/util/regex/Matcher;ILjava/lang/CharSequence;)Z @ 44 c2
Event: 6.368 Thread 0x00000276ebdcc800 DEOPT PACKING pc=0x0000027687b22b30 sp=0x000000e4918fe5d0
Event: 6.368 Thread 0x00000276ebdcc800 DEOPT UNPACKING pc=0x000002768004912f sp=0x000000e4918fe510 mode 2
Event: 6.369 Thread 0x00000276ebdcc800 Uncommon trap: trap_request=0xffffffde fr.pc=0x0000027687b22b30 relative=0x00000000000003d0
Event: 6.369 Thread 0x00000276ebdcc800 Uncommon trap: reason=class_check action=maybe_recompile pc=0x0000027687b22b30 method=java.util.regex.Pattern$Start.match(Ljava/util/regex/Matcher;ILjava/lang/CharSequence;)Z @ 44 c2
Event: 6.369 Thread 0x00000276ebdcc800 DEOPT PACKING pc=0x0000027687b22b30 sp=0x000000e4918fe5d0
Event: 6.369 Thread 0x00000276ebdcc800 DEOPT UNPACKING pc=0x000002768004912f sp=0x000000e4918fe510 mode 2
Event: 6.369 Thread 0x00000276ebdcc800 Uncommon trap: trap_request=0xffffffde fr.pc=0x0000027687b22b30 relative=0x00000000000003d0
Event: 6.369 Thread 0x00000276ebdcc800 Uncommon trap: reason=class_check action=maybe_recompile pc=0x0000027687b22b30 method=java.util.regex.Pattern$Start.match(Ljava/util/regex/Matcher;ILjava/lang/CharSequence;)Z @ 44 c2
Event: 6.369 Thread 0x00000276ebdcc800 DEOPT PACKING pc=0x0000027687b22b30 sp=0x000000e4918fe5d0
Event: 6.369 Thread 0x00000276ebdcc800 DEOPT UNPACKING pc=0x000002768004912f sp=0x000000e4918fe510 mode 2
Event: 6.447 Thread 0x00000276ebdcc800 Uncommon trap: trap_request=0xffffff45 fr.pc=0x0000027687b25e48 relative=0x00000000000002a8
Event: 6.447 Thread 0x00000276ebdcc800 Uncommon trap: reason=unstable_if action=reinterpret pc=0x0000027687b25e48 method=java.lang.StringUTF16.compress([CI[BII)I @ 20 c2
Event: 6.447 Thread 0x00000276ebdcc800 DEOPT PACKING pc=0x0000027687b25e48 sp=0x000000e4918fcfe0
Event: 6.447 Thread 0x00000276ebdcc800 DEOPT UNPACKING pc=0x000002768004912f sp=0x000000e4918fcf60 mode 2

Classes unloaded (0 events):
No events

Classes redefined (0 events):
No events

Internal exceptions (20 events):
Event: 0.469 Thread 0x00000276ebdcc800 Exception <a 'java/lang/NoSuchMethodError'{0x0000000088e9ae88}: 'java.lang.Object java.lang.invoke.DirectMethodHandle$Holder.invokeStatic(java.lang.Object, int, java.lang.Object, java.lang.Object, java.lang.Object, java.lang.Object)'> (0x0000000088e9ae88) 
thrown [t:/workspace/open/src/hotspot/share/interpreter/linkResolver.cpp, line 767]
Event: 0.470 Thread 0x00000276ebdcc800 Exception <a 'java/lang/NoSuchMethodError'{0x0000000088ea17e8}: 'java.lang.Object java.lang.invoke.DirectMethodHandle$Holder.invokeStatic(java.lang.Object, int, java.lang.Object, java.lang.Object, java.lang.Object)'> (0x0000000088ea17e8) 
thrown [t:/workspace/open/src/hotspot/share/interpreter/linkResolver.cpp, line 767]
Event: 0.470 Thread 0x00000276ebdcc800 Exception <a 'java/lang/NoSuchMethodError'{0x0000000088ea5050}: 'java.lang.Object java.lang.invoke.DirectMethodHandle$Holder.invokeSpecial(java.lang.Object, java.lang.Object, int, java.lang.Object, java.lang.Object, java.lang.Object)'> (0x0000000088ea5050) 
thrown [t:/workspace/open/src/hotspot/share/interpreter/linkResolver.cpp, line 767]
Event: 0.475 Thread 0x00000276ebdcc800 Exception <a 'java/lang/NoSuchMethodError'{0x0000000088ebb348}: 'java.lang.Object java.lang.invoke.DirectMethodHandle$Holder.invokeStatic(java.lang.Object, int, java.lang.Object)'> (0x0000000088ebb348) 
thrown [t:/workspace/open/src/hotspot/share/interpreter/linkResolver.cpp, line 767]
Event: 0.505 Thread 0x00000276ebdcc800 Exception <a 'java/lang/ClassNotFoundException'{0x0000000088d62048}: com/sun/swing/internal/plaf/metal/resources/spi/metalProvider> (0x0000000088d62048) 
thrown [t:/workspace/open/src/hotspot/share/classfile/systemDictionary.cpp, line 232]
Event: 0.506 Thread 0x00000276ebdcc800 Exception <a 'java/lang/ClassNotFoundException'{0x0000000088d66220}: com/sun/swing/internal/plaf/basic/resources/spi/basicProvider> (0x0000000088d66220) 
thrown [t:/workspace/open/src/hotspot/share/classfile/systemDictionary.cpp, line 232]
Event: 0.531 Thread 0x00000276ebdcc800 Implicit null exception at 0x0000027687afb9ee to 0x0000027687afc61e
Event: 0.531 Thread 0x00000276ebdcc800 Implicit null exception at 0x0000027687ade7af to 0x0000027687ade82d
Event: 0.719 Thread 0x00000276ebdcc800 Exception <a 'java/lang/NoSuchMethodError'{0x0000000088945aa8}: 'java.lang.Object java.lang.invoke.DirectMethodHandle$Holder.invokeStaticInit(java.lang.Object, int, int, int, int)'> (0x0000000088945aa8) 
thrown [t:/workspace/open/src/hotspot/share/interpreter/linkResolver.cpp, line 767]
Event: 0.948 Thread 0x00000276ebdcc800 Exception <a 'java/lang/NoSuchMethodError'{0x0000000088986de0}: 'java.lang.Object java.lang.invoke.DirectMethodHandle$Holder.invokeStaticInit(java.lang.Object, java.lang.Object, int, int, int, int)'> (0x0000000088986de0) 
thrown [t:/workspace/open/src/hotspot/share/interpreter/linkResolver.cpp, line 767]
Event: 1.004 Thread 0x00000276ebdcc800 Exception <a 'sun/nio/fs/WindowsException'{0x00000000888522a8}> (0x00000000888522a8) 
thrown [t:/workspace/open/src/hotspot/share/prims/jni.cpp, line 598]
Event: 1.020 Thread 0x00000276ebdcc800 Exception <a 'java/lang/NoSuchMethodError'{0x0000000088875660}: 'int java.lang.invoke.DirectMethodHandle$Holder.invokeStaticInit(java.lang.Object, java.lang.Object, java.lang.Object, java.lang.Object)'> (0x0000000088875660) 
thrown [t:/workspace/open/src/hotspot/share/interpreter/linkResolver.cpp, line 767]
Event: 1.021 Thread 0x00000276ebdcc800 Exception <a 'java/lang/NoSuchMethodError'{0x0000000088880020}: 'void java.lang.invoke.DirectMethodHandle$Holder.invokeStaticInit(java.lang.Object, java.lang.Object)'> (0x0000000088880020) 
thrown [t:/workspace/open/src/hotspot/share/interpreter/linkResolver.cpp, line 767]
Event: 1.022 Thread 0x00000276ebdcc800 Exception <a 'java/lang/NoSuchMethodError'{0x0000000088884cf0}: 'int java.lang.invoke.DirectMethodHandle$Holder.invokeStaticInit(java.lang.Object, java.lang.Object)'> (0x0000000088884cf0) 
thrown [t:/workspace/open/src/hotspot/share/interpreter/linkResolver.cpp, line 767]
Event: 6.115 Thread 0x00000276ebdcc800 Exception <a 'sun/net/ConnectionResetException'{0x0000000089370c28}: Connection reset> (0x0000000089370c28) 
thrown [t:/workspace/open/src/hotspot/share/prims/jni.cpp, line 619]
Event: 6.118 Thread 0x00000276ebdcc800 Implicit null exception at 0x0000027687b18307 to 0x0000027687b1881e
Event: 6.290 Thread 0x00000276ebdcc800 Exception <a 'java/lang/ClassNotFoundException'{0x0000000089105960}: sun/util/logging/resources/spi/loggingProvider> (0x0000000089105960) 
thrown [t:/workspace/open/src/hotspot/share/classfile/systemDictionary.cpp, line 232]
Event: 6.388 Thread 0x00000276ebdcc800 Exception <a 'java/lang/NullPointerException'{0x000000008916d208}> (0x000000008916d208) 
thrown [t:/workspace/open/src/hotspot/share/interpreter/linkResolver.cpp, line 1431]
Event: 6.431 Thread 0x00000276ebdcc800 Exception <a 'java/lang/NoSuchMethodError'{0x0000000089012270}: 'void java.lang.invoke.DirectMethodHandle$Holder.invokeStaticInit(java.lang.Object)'> (0x0000000089012270) 
thrown [t:/workspace/open/src/hotspot/share/interpreter/linkResolver.cpp, line 767]
Event: 6.465 Thread 0x00000276ebdcc800 Exception <a 'java/lang/NoSuchMethodError'{0x0000000089067860}: 'java.lang.Object java.lang.invoke.Invokers$Holder.linkToTargetMethod(java.lang.Object, int, java.lang.Object)'> (0x0000000089067860) 
thrown [t:/workspace/open/src/hotspot/share/interpreter/linkResolver.cpp, line 767]

Events (20 events):
Event: 6.493 loading class sun/font/TrueTypeFont$1 done
Event: 6.493 loading class java/nio/channels/spi/AbstractInterruptibleChannel$1
Event: 6.493 loading class sun/nio/ch/Interruptible
Event: 6.493 loading class sun/nio/ch/Interruptible done
Event: 6.493 loading class java/nio/channels/spi/AbstractInterruptibleChannel$1 done
Event: 6.494 loading class java/nio/ByteBufferAsIntBufferB
Event: 6.494 loading class java/nio/ByteBufferAsIntBufferB done
Event: 6.494 loading class sun/font/TrueTypeFont$DirectoryEntry
Event: 6.494 loading class sun/font/TrueTypeFont$DirectoryEntry done
Event: 6.494 loading class java/nio/ByteBufferAsShortBufferB
Event: 6.494 loading class java/nio/ShortBuffer
Event: 6.494 loading class java/nio/ShortBuffer done
Event: 6.494 loading class java/nio/ByteBufferAsShortBufferB done
Event: 6.495 loading class sun/nio/cs/UTF_16$Decoder
Event: 6.495 loading class sun/nio/cs/UnicodeDecoder
Event: 6.495 loading class sun/nio/cs/UnicodeDecoder done
Event: 6.495 Executing VM operation: Deoptimize
Event: 6.495 Executing VM operation: Deoptimize done
Event: 6.495 loading class sun/nio/cs/UTF_16$Decoder done
Event: 6.495 Executing VM operation: CollectForMetadataAllocation


Dynamic libraries:
0x00007ff68c7a0000 - 0x00007ff68c7af000 	C:\Program Files\Java\jdk-13.0.1\bin\javaw.exe
0x00007ffb8c860000 - 0x00007ffb8ca50000 	C:\WINDOWS\SYSTEM32\ntdll.dll
0x00007ffb8c0a0000 - 0x00007ffb8c152000 	C:\WINDOWS\System32\KERNEL32.DLL
0x00007ffb89e00000 - 0x00007ffb8a0a4000 	C:\WINDOWS\System32\KERNELBASE.dll
0x00007ffb8a830000 - 0x00007ffb8a92a000 	C:\WINDOWS\System32\ucrtbase.dll
0x00007ffb5fea0000 - 0x00007ffb5feb8000 	C:\Program Files\Java\jdk-13.0.1\bin\jli.dll
0x00007ffb60460000 - 0x00007ffb60475000 	C:\Program Files\Java\jdk-13.0.1\bin\VCRUNTIME140.dll
0x00007ffb8c260000 - 0x00007ffb8c303000 	C:\WINDOWS\System32\ADVAPI32.dll
0x00007ffb8b700000 - 0x00007ffb8b79e000 	C:\WINDOWS\System32\msvcrt.dll
0x00007ffb8bf70000 - 0x00007ffb8c007000 	C:\WINDOWS\System32\sechost.dll
0x00007ffb8be50000 - 0x00007ffb8bf70000 	C:\WINDOWS\System32\RPCRT4.dll
0x00007ffb8c650000 - 0x00007ffb8c7e4000 	C:\WINDOWS\System32\USER32.dll
0x00007ffb7c620000 - 0x00007ffb7c8a4000 	C:\WINDOWS\WinSxS\amd64_microsoft.windows.common-controls_6595b64144ccf1df_6.0.18362.900_none_e6beb9d913147d17\COMCTL32.dll
0x00007ffb89a10000 - 0x00007ffb89a31000 	C:\WINDOWS\System32\win32u.dll
0x00007ffb8c1d0000 - 0x00007ffb8c1f6000 	C:\WINDOWS\System32\GDI32.dll
0x00007ffb8c310000 - 0x00007ffb8c645000 	C:\WINDOWS\System32\combase.dll
0x00007ffb89870000 - 0x00007ffb89a05000 	C:\WINDOWS\System32\gdi32full.dll
0x00007ffb89cd0000 - 0x00007ffb89d50000 	C:\WINDOWS\System32\bcryptPrimitives.dll
0x00007ffb89a40000 - 0x00007ffb89ade000 	C:\WINDOWS\System32\msvcp_win.dll
0x00007ffb7e5b0000 - 0x00007ffb7e5ba000 	C:\WINDOWS\SYSTEM32\VERSION.dll
0x00007ffb8c7f0000 - 0x00007ffb8c81e000 	C:\WINDOWS\System32\IMM32.DLL
0x00007ffb5f450000 - 0x00007ffb5f4eb000 	C:\Program Files\Java\jdk-13.0.1\bin\msvcp140.dll
0x00007ffb48f30000 - 0x00007ffb49a96000 	C:\Program Files\Java\jdk-13.0.1\bin\server\jvm.dll
0x00007ffb8c1c0000 - 0x00007ffb8c1c8000 	C:\WINDOWS\System32\PSAPI.DLL
0x00007ffb862a0000 - 0x00007ffb862a9000 	C:\WINDOWS\SYSTEM32\WSOCK32.dll
0x00007ffb8bae0000 - 0x00007ffb8bb4f000 	C:\WINDOWS\System32\WS2_32.dll
0x00007ffb872b0000 - 0x00007ffb872d4000 	C:\WINDOWS\SYSTEM32\WINMM.dll
0x00007ffb87280000 - 0x00007ffb872ad000 	C:\WINDOWS\SYSTEM32\winmmbase.dll
0x00007ffb89b10000 - 0x00007ffb89b5a000 	C:\WINDOWS\System32\cfgmgr32.dll
0x00007ffb897b0000 - 0x00007ffb897c1000 	C:\WINDOWS\System32\kernel.appcore.dll
0x00007ffb84150000 - 0x00007ffb84160000 	C:\Program Files\Java\jdk-13.0.1\bin\verify.dll
0x00007ffb78cd0000 - 0x00007ffb78ec4000 	C:\WINDOWS\SYSTEM32\DBGHELP.DLL
0x00007ffb78ca0000 - 0x00007ffb78cca000 	C:\WINDOWS\SYSTEM32\dbgcore.DLL
0x00007ffb7c5c0000 - 0x00007ffb7c5e6000 	C:\Program Files\Java\jdk-13.0.1\bin\java.dll
0x00007ffb7eb00000 - 0x00007ffb7eb17000 	C:\Program Files\Java\jdk-13.0.1\bin\zip.dll
0x00007ffb81090000 - 0x00007ffb8109a000 	C:\Program Files\Java\jdk-13.0.1\bin\jimage.dll
0x00007ffb8aeb0000 - 0x00007ffb8b596000 	C:\WINDOWS\System32\SHELL32.dll
0x00007ffb8b900000 - 0x00007ffb8b9a9000 	C:\WINDOWS\System32\shcore.dll
0x00007ffb8a0b0000 - 0x00007ffb8a830000 	C:\WINDOWS\System32\windows.storage.dll
0x00007ffb89840000 - 0x00007ffb89863000 	C:\WINDOWS\System32\profapi.dll
0x00007ffb897d0000 - 0x00007ffb8981a000 	C:\WINDOWS\System32\powrprof.dll
0x00007ffb897a0000 - 0x00007ffb897b0000 	C:\WINDOWS\System32\UMPDC.dll
0x00007ffb8b9b0000 - 0x00007ffb8ba02000 	C:\WINDOWS\System32\shlwapi.dll
0x00007ffb89b60000 - 0x00007ffb89b77000 	C:\WINDOWS\System32\cryptsp.dll
0x00007ffb7cc10000 - 0x00007ffb7cc29000 	C:\Program Files\Java\jdk-13.0.1\bin\net.dll
0x00007ffb7d6b0000 - 0x00007ffb7d7a0000 	C:\WINDOWS\SYSTEM32\WINHTTP.dll
0x00007ffb89010000 - 0x00007ffb89077000 	C:\WINDOWS\system32\mswsock.dll
0x00007ffb7c5a0000 - 0x00007ffb7c5b3000 	C:\Program Files\Java\jdk-13.0.1\bin\nio.dll
0x00007ffb50950000 - 0x00007ffb50ae9000 	C:\Program Files\Java\jdk-13.0.1\bin\awt.dll
0x00007ffb8ba10000 - 0x00007ffb8bad5000 	C:\WINDOWS\System32\OLEAUT32.dll
0x00007ffb86420000 - 0x00007ffb869e0000 	C:\WINDOWS\SYSTEM32\d2d1.dll
0x00007ffb87970000 - 0x00007ffb879ff000 	C:\WINDOWS\SYSTEM32\apphelp.dll
0x00007ffb87f40000 - 0x00007ffb87f6d000 	C:\WINDOWS\system32\DWMAPI.DLL
0x00007ffb87b10000 - 0x00007ffb87ba9000 	C:\WINDOWS\system32\uxtheme.dll
0x00007ffb76cd0000 - 0x00007ffb76e26000 	C:\WINDOWS\system32\opengl32.dll
0x00007ffb7b230000 - 0x00007ffb7b25c000 	C:\WINDOWS\SYSTEM32\GLU32.dll
0x00007ffb88410000 - 0x00007ffb88430000 	C:\WINDOWS\SYSTEM32\dxcore.dll
0x00007ffb8bd10000 - 0x00007ffb8be45000 	C:\WINDOWS\System32\MSCTF.dll
0x00007ffb8b7a0000 - 0x00007ffb8b8f7000 	C:\WINDOWS\System32\ole32.dll
0x00007ffb88d60000 - 0x00007ffb88e2b000 	C:\WINDOWS\SYSTEM32\DNSAPI.dll
0x00007ffb8b6f0000 - 0x00007ffb8b6f8000 	C:\WINDOWS\System32\NSI.dll
0x00007ffb88d20000 - 0x00007ffb88d5a000 	C:\WINDOWS\SYSTEM32\IPHLPAPI.DLL
0x00007ffb7d5f0000 - 0x00007ffb7d5fa000 	C:\Windows\System32\rasadhlp.dll
0x00007ffb7fb30000 - 0x00007ffb7fba7000 	C:\WINDOWS\System32\fwpuclnt.dll
0x00007ffb89ae0000 - 0x00007ffb89b06000 	C:\WINDOWS\System32\bcrypt.dll
0x00007ffb88b80000 - 0x00007ffb88bb3000 	C:\WINDOWS\system32\rsaenh.dll
0x00007ffb896c0000 - 0x00007ffb896e5000 	C:\WINDOWS\SYSTEM32\USERENV.dll
0x00007ffb891e0000 - 0x00007ffb891ec000 	C:\WINDOWS\SYSTEM32\CRYPTBASE.dll
0x00007ffb7fc10000 - 0x00007ffb7fc26000 	C:\WINDOWS\SYSTEM32\dhcpcsvc6.DLL
0x00007ffb7fce0000 - 0x00007ffb7fcfc000 	C:\WINDOWS\SYSTEM32\dhcpcsvc.DLL
0x00007ffb7b870000 - 0x00007ffb7b895000 	C:\Program Files\Java\jdk-13.0.1\bin\sunec.dll
0x00007ffb7ca50000 - 0x00007ffb7ca5e000 	C:\Program Files\Java\jdk-13.0.1\bin\sunmscapi.dll
0x00007ffb89b80000 - 0x00007ffb89cc9000 	C:\WINDOWS\System32\CRYPT32.dll
0x00007ffb89820000 - 0x00007ffb89832000 	C:\WINDOWS\System32\MSASN1.dll
0x00007ffb892e0000 - 0x00007ffb89306000 	C:\WINDOWS\SYSTEM32\ncrypt.dll
0x00007ffb892a0000 - 0x00007ffb892db000 	C:\WINDOWS\SYSTEM32\NTASN1.dll
0x00007ffb5d250000 - 0x00007ffb5d2d2000 	C:\Program Files\Java\jdk-13.0.1\bin\freetype.dll
0x00007ffb550d0000 - 0x00007ffb55176000 	C:\Program Files\Java\jdk-13.0.1\bin\fontmanager.dll
0x00007ffb8ae00000 - 0x00007ffb8aea2000 	C:\WINDOWS\System32\clbcatq.dll
0x00007ffb854e0000 - 0x00007ffb8568f000 	C:\WINDOWS\SYSTEM32\WindowsCodecs.dll
0x00007ffb782a0000 - 0x00007ffb782da000 	C:\WINDOWS\system32\dataexchange.dll
0x00007ffb870a0000 - 0x00007ffb8727c000 	C:\WINDOWS\system32\dcomp.dll
0x00007ffb86e40000 - 0x00007ffb8709b000 	C:\WINDOWS\system32\d3d11.dll
0x00007ffb884a0000 - 0x00007ffb8858b000 	C:\WINDOWS\system32\dxgi.dll
0x00007ffb87bd0000 - 0x00007ffb87e31000 	C:\WINDOWS\system32\twinapi.appcore.dll
0x00007ffb88100000 - 0x00007ffb88129000 	C:\WINDOWS\system32\RMCLIENT.dll

dbghelp: loaded successfully - version: 4.0.5 - missing functions: none
symbol engine: initialized successfully - sym options: 0x614 - pdb path: .;C:\Program Files\Java\jdk-13.0.1\bin;C:\WINDOWS\SYSTEM32;C:\WINDOWS\WinSxS\amd64_microsoft.windows.common-controls_6595b64144ccf1df_6.0.18362.900_none_e6beb9d913147d17;C:\Program Files\Java\jdk-13.0.1\bin\server

VM Arguments:
jvm_args: -Dfile.encoding=UTF-8 --module-path=C:\Users\MyPC\Desktop\Bai_Tap_Lon_LTHSKCNJAVa\Nhom_DeTaiQuanLyMuaBanLinhKien\sqljdbc4.jar 
java_command: MatHang.FormHang
java_class_path (initial): C:\Users\MyPC\Desktop\Bai_Tap_Lon_LTHSKCNJAVa\Nhom_DeTaiQuanLyMuaBanLinhKien\bin
Launcher Type: SUN_STANDARD

[Global flags]
     intx CICompilerCount                          = 3                                         {product} {ergonomic}
     uint ConcGCThreads                            = 1                                         {product} {ergonomic}
     uint G1ConcRefinementThreads                  = 4                                         {product} {ergonomic}
   size_t G1HeapRegionSize                         = 1048576                                   {product} {ergonomic}
    uintx GCDrainStackTargetSize                   = 64                                        {product} {ergonomic}
   size_t InitialHeapSize                          = 134217728                                 {product} {ergonomic}
   size_t MarkStackSize                            = 4194304                                   {product} {ergonomic}
   size_t MaxHeapSize                              = 2126512128                                {product} {ergonomic}
   size_t MaxNewSize                               = 1275068416                                {product} {ergonomic}
   size_t MinHeapDeltaBytes                        = 1048576                                   {product} {ergonomic}
   size_t MinHeapSize                              = 8388608                                   {product} {ergonomic}
    uintx NonNMethodCodeHeapSize                   = 5830732                                {pd product} {ergonomic}
    uintx NonProfiledCodeHeapSize                  = 122913754                              {pd product} {ergonomic}
    uintx ProfiledCodeHeapSize                     = 122913754                              {pd product} {ergonomic}
    uintx ReservedCodeCacheSize                    = 251658240                              {pd product} {ergonomic}
     bool SegmentedCodeCache                       = true                                      {product} {ergonomic}
   size_t SoftMaxHeapSize                          = 2126512128                             {manageable} {ergonomic}
     bool UseCompressedClassPointers               = true                                 {lp64_product} {ergonomic}
     bool UseCompressedOops                        = true                                 {lp64_product} {ergonomic}
     bool UseG1GC                                  = true                                      {product} {ergonomic}
     bool UseLargePagesIndividualAllocation        = false                                  {pd product} {ergonomic}

Logging:
Log output configuration:
 #0: stdout all=warning uptime,level,tags
 #1: stderr all=off uptime,level,tags

Environment Variables:
JAVA_HOME=C:\Program Files\Java\jdk-13.0.1
PATH=C:/Program Files/Java/jdk-13.0.1/bin/server;C:/Program Files/Java/jdk-13.0.1/bin;C:\Program Files\Java\jdk-13.0.1\bin;C:\Program Files\nodejs\;C:\WINDOWS\system32;C:\WINDOWS;C:\WINDOWS\System32\Wbem;C:\WINDOWS\System32\WindowsPowerShell\v1.0\;C:\WINDOWS\System32\OpenSSH\;C:\Program Files\Microsoft SQL Server\120\DTS\Binn\;C:\Program Files\Microsoft SQL Server\Client SDK\ODBC\110\Tools\Binn\;C:\Program Files (x86)\Microsoft SQL Server\120\Tools\Binn\;C:\Program Files\Microsoft SQL Server\120\Tools\Binn\;C:\Program Files (x86)\Microsoft SQL Server\120\Tools\Binn\ManagementStudio\;C:\Program Files (x86)\Microsoft SQL Server\120\DTS\Binn\;C:\Users\MyPC\AppData\Local\Programs\Python\Python38-32\Scripts\;C:\Users\MyPC\AppData\Local\Programs\Python\Python38-32\;C:\Users\MyPC\AppData\Roaming\npm;C:\Users\MyPC\AppData\Local\Programs\Microsoft VS Code\bin;%USERPROFILE%\AppData\Local\Microsoft\WindowsApps;;C:\Users\MyPC\Downloads\eclipse;
USERNAME=MyPC
OS=Windows_NT
PROCESSOR_IDENTIFIER=Intel64 Family 6 Model 61 Stepping 4, GenuineIntel



---------------  S Y S T E M  ---------------

OS: Windows 10 , 64 bit Build 18362 (10.0.18362.900)

CPU:total 4 (initial active 4) (2 cores per cpu, 2 threads per core) family 6 model 61 stepping 4, cmov, cx8, fxsr, mmx, sse, sse2, sse3, ssse3, sse4.1, sse4.2, popcnt, avx, avx2, aes, clmul, erms, 3dnowpref, lzcnt, ht, tsc, tscinvbit, bmi1, bmi2, adx, fma

Memory: 4k page, system-wide physical 8111M (1774M free)
TotalPageFile size 27276M (AvailPageFile size 4M)
current process WorkingSet (physical memory assigned to process): 83M, peak: 83M
current process commit charge ("private bytes"): 224M, peak: 225M

vm_info: Java HotSpot(TM) 64-Bit Server VM (13.0.1+9) for windows-amd64 JRE (13.0.1+9), built on Oct  6 2019 12:37:49 by "mach5one" with unknown MS VC++:1916

END.
